{"timestamp": "2026-02-21T16:31:10.651954Z", "level": "ERROR", "logger": "main", "message": "Startup failed: (psycopg2.OperationalError) connection to server at \"127.0.0.1\", port 5433 failed: Connection refused\n\tIs the server running on that host and accepting TCP/IP connections?\n\n(Background on this error at: https://sqlalche.me/e/20/e3q8)", "request_id": "", "user_id": "", "module": "main", "function": "app_startup", "line": 1032}
{"timestamp": "2026-02-21T16:47:32.722190Z", "level": "ERROR", "logger": "main", "message": "Startup failed: (psycopg2.OperationalError) connection to server at \"127.0.0.1\", port 5433 failed: Connection refused\n\tIs the server running on that host and accepting TCP/IP connections?\n\n(Background on this error at: https://sqlalche.me/e/20/e3q8)", "request_id": "", "user_id": "", "module": "main", "function": "app_startup", "line": 1032}
{"timestamp": "2026-02-21T16:47:43.286225Z", "level": "ERROR", "logger": "main", "message": "Startup failed: (psycopg2.OperationalError) connection to server at \"127.0.0.1\", port 5433 failed: Connection refused\n\tIs the server running on that host and accepting TCP/IP connections?\n\n(Background on this error at: https://sqlalche.me/e/20/e3q8)", "request_id": "", "user_id": "", "module": "main", "function": "app_startup", "line": 1032}
{"timestamp": "2026-02-21T16:48:11.840319Z", "level": "ERROR", "logger": "main", "message": "Startup failed: (psycopg2.OperationalError) connection to server at \"127.0.0.1\", port 5433 failed: Connection refused\n\tIs the server running on that host and accepting TCP/IP connections?\n\n(Background on this error at: https://sqlalche.me/e/20/e3q8)", "request_id": "", "user_id": "", "module": "main", "function": "app_startup", "line": 1032}
{"timestamp": "2026-02-21T18:01:54.359392Z", "level": "ERROR", "logger": "main", "message": "Migration error: (sqlite3.OperationalError) no such table: information_schema.columns\n[SQL: SELECT 1 FROM information_schema.columns WHERE table_name = ? AND column_name = ?]\n[parameters: ('users', 'email')]\n(Background on this error at: https://sqlalche.me/e/20/e3q8)", "request_id": "", "user_id": "", "module": "main", "function": "run_column_migrations", "line": 787}
{"timestamp": "2026-02-21T18:01:54.530621Z", "level": "ERROR", "logger": "main", "message": "Unhandled exception on GET /internal/proxy-provider: AttributeError: 'ProxyProvider' object has no attribute 'api_key'", "request_id": "d7a58535", "user_id": "", "module": "main", "function": "global_exception_handler", "line": 933, "exception": "Traceback (most recent call last):\n  File \"/opt/homebrew/lib/python3.14/site-packages/starlette/middleware/errors.py\", line 164, in __call__\n    await self.app(scope, receive, _send)\n  File \"/opt/homebrew/lib/python3.14/site-packages/starlette/middleware/base.py\", line 191, in __call__\n    with recv_stream, send_stream, collapse_excgroups():\n                                   ~~~~~~~~~~~~~~~~~~^^\n  File \"/opt/homebrew/Cellar/python@3.14/3.14.2_1/Frameworks/Python.framework/Versions/3.14/lib/python3.14/contextlib.py\", line 162, in __exit__\n    self.gen.throw(value)\n    ~~~~~~~~~~~~~~^^^^^^^\n  File \"/opt/homebrew/lib/python3.14/site-packages/starlette/_utils.py\", line 87, in collapse_excgroups\n    raise exc\n  File \"/opt/homebrew/lib/python3.14/site-packages/starlette/middleware/base.py\", line 193, in __call__\n    response = await self.dispatch_func(request, call_next)\n               ^^^^^^^^^^^^^^^^^^^^^^^^^^^^^^^^^^^^^^^^^^^^\n  File \"/Users/martin/ab/backend/main.py\", line 889, in request_id_middleware\n    response = await call_next(request)\n               ^^^^^^^^^^^^^^^^^^^^^^^^\n  File \"/opt/homebrew/lib/python3.14/site-packages/starlette/middleware/base.py\", line 168, in call_next\n    raise app_exc from app_exc.__cause__ or app_exc.__context__\n  File \"/opt/homebrew/lib/python3.14/site-packages/starlette/middleware/base.py\", line 144, in coro\n    await self.app(scope, receive_or_disconnect, send_no_error)\n  File \"/opt/homebrew/lib/python3.14/site-packages/starlette/middleware/cors.py\", line 87, in __call__\n    await self.app(scope, receive, send)\n  File \"/opt/homebrew/lib/python3.14/site-packages/starlette/middleware/exceptions.py\", line 63, in __call__\n    await wrap_app_handling_exceptions(self.app, conn)(scope, receive, send)\n  File \"/opt/homebrew/lib/python3.14/site-packages/starlette/_exception_handler.py\", line 53, in wrapped_app\n    raise exc\n  File \"/opt/homebrew/lib/python3.14/site-packages/starlette/_exception_handler.py\", line 42, in wrapped_app\n    await app(scope, receive, sender)\n  File \"/opt/homebrew/lib/python3.14/site-packages/fastapi/middleware/asyncexitstack.py\", line 18, in __call__\n    await self.app(scope, receive, send)\n  File \"/opt/homebrew/lib/python3.14/site-packages/starlette/routing.py\", line 716, in __call__\n    await self.middleware_stack(scope, receive, send)\n  File \"/opt/homebrew/lib/python3.14/site-packages/starlette/routing.py\", line 736, in app\n    await route.handle(scope, receive, send)\n  File \"/opt/homebrew/lib/python3.14/site-packages/starlette/routing.py\", line 290, in handle\n    await self.app(scope, receive, send)\n  File \"/opt/homebrew/lib/python3.14/site-packages/fastapi/routing.py\", line 119, in app\n    await wrap_app_handling_exceptions(app, request)(scope, receive, send)\n  File \"/opt/homebrew/lib/python3.14/site-packages/starlette/_exception_handler.py\", line 53, in wrapped_app\n    raise exc\n  File \"/opt/homebrew/lib/python3.14/site-packages/starlette/_exception_handler.py\", line 42, in wrapped_app\n    await app(scope, receive, sender)\n  File \"/opt/homebrew/lib/python3.14/site-packages/fastapi/routing.py\", line 105, in app\n    response = await f(request)\n               ^^^^^^^^^^^^^^^^\n  File \"/opt/homebrew/lib/python3.14/site-packages/fastapi/routing.py\", line 424, in app\n    raw_response = await run_endpoint_function(\n                   ^^^^^^^^^^^^^^^^^^^^^^^^^^^^\n    ...<3 lines>...\n    )\n    ^\n  File \"/opt/homebrew/lib/python3.14/site-packages/fastapi/routing.py\", line 312, in run_endpoint_function\n    return await dependant.call(**values)\n           ^^^^^^^^^^^^^^^^^^^^^^^^^^^^^^\n  File \"/Users/martin/ab/backend/routers/internal.py\", line 188, in internal_get_proxy_provider\n    \"api_key\": provider.api_key[:8] + \"...\" if provider.api_key else None,\n                                               ^^^^^^^^^^^^^^^^\nAttributeError: 'ProxyProvider' object has no attribute 'api_key'"}
{"timestamp": "2026-02-21T18:01:54.533963Z", "level": "ERROR", "logger": "error_logger", "message": "Exception captured: AttributeError: 'ProxyProvider' object has no attribute 'api_key'", "request_id": "d7a58535", "user_id": "", "module": "error_logger", "function": "capture_exception", "line": 215, "exception": "Traceback (most recent call last):\n  File \"/opt/homebrew/lib/python3.14/site-packages/starlette/middleware/errors.py\", line 164, in __call__\n    await self.app(scope, receive, _send)\n  File \"/opt/homebrew/lib/python3.14/site-packages/starlette/middleware/base.py\", line 191, in __call__\n    with recv_stream, send_stream, collapse_excgroups():\n                                   ~~~~~~~~~~~~~~~~~~^^\n  File \"/opt/homebrew/Cellar/python@3.14/3.14.2_1/Frameworks/Python.framework/Versions/3.14/lib/python3.14/contextlib.py\", line 162, in __exit__\n    self.gen.throw(value)\n    ~~~~~~~~~~~~~~^^^^^^^\n  File \"/opt/homebrew/lib/python3.14/site-packages/starlette/_utils.py\", line 87, in collapse_excgroups\n    raise exc\n  File \"/opt/homebrew/lib/python3.14/site-packages/starlette/middleware/base.py\", line 193, in __call__\n    response = await self.dispatch_func(request, call_next)\n               ^^^^^^^^^^^^^^^^^^^^^^^^^^^^^^^^^^^^^^^^^^^^\n  File \"/Users/martin/ab/backend/main.py\", line 889, in request_id_middleware\n    response = await call_next(request)\n               ^^^^^^^^^^^^^^^^^^^^^^^^\n  File \"/opt/homebrew/lib/python3.14/site-packages/starlette/middleware/base.py\", line 168, in call_next\n    raise app_exc from app_exc.__cause__ or app_exc.__context__\n  File \"/opt/homebrew/lib/python3.14/site-packages/starlette/middleware/base.py\", line 144, in coro\n    await self.app(scope, receive_or_disconnect, send_no_error)\n  File \"/opt/homebrew/lib/python3.14/site-packages/starlette/middleware/cors.py\", line 87, in __call__\n    await self.app(scope, receive, send)\n  File \"/opt/homebrew/lib/python3.14/site-packages/starlette/middleware/exceptions.py\", line 63, in __call__\n    await wrap_app_handling_exceptions(self.app, conn)(scope, receive, send)\n  File \"/opt/homebrew/lib/python3.14/site-packages/starlette/_exception_handler.py\", line 53, in wrapped_app\n    raise exc\n  File \"/opt/homebrew/lib/python3.14/site-packages/starlette/_exception_handler.py\", line 42, in wrapped_app\n    await app(scope, receive, sender)\n  File \"/opt/homebrew/lib/python3.14/site-packages/fastapi/middleware/asyncexitstack.py\", line 18, in __call__\n    await self.app(scope, receive, send)\n  File \"/opt/homebrew/lib/python3.14/site-packages/starlette/routing.py\", line 716, in __call__\n    await self.middleware_stack(scope, receive, send)\n  File \"/opt/homebrew/lib/python3.14/site-packages/starlette/routing.py\", line 736, in app\n    await route.handle(scope, receive, send)\n  File \"/opt/homebrew/lib/python3.14/site-packages/starlette/routing.py\", line 290, in handle\n    await self.app(scope, receive, send)\n  File \"/opt/homebrew/lib/python3.14/site-packages/fastapi/routing.py\", line 119, in app\n    await wrap_app_handling_exceptions(app, request)(scope, receive, send)\n  File \"/opt/homebrew/lib/python3.14/site-packages/starlette/_exception_handler.py\", line 53, in wrapped_app\n    raise exc\n  File \"/opt/homebrew/lib/python3.14/site-packages/starlette/_exception_handler.py\", line 42, in wrapped_app\n    await app(scope, receive, sender)\n  File \"/opt/homebrew/lib/python3.14/site-packages/fastapi/routing.py\", line 105, in app\n    response = await f(request)\n               ^^^^^^^^^^^^^^^^\n  File \"/opt/homebrew/lib/python3.14/site-packages/fastapi/routing.py\", line 424, in app\n    raw_response = await run_endpoint_function(\n                   ^^^^^^^^^^^^^^^^^^^^^^^^^^^^\n    ...<3 lines>...\n    )\n    ^\n  File \"/opt/homebrew/lib/python3.14/site-packages/fastapi/routing.py\", line 312, in run_endpoint_function\n    return await dependant.call(**values)\n           ^^^^^^^^^^^^^^^^^^^^^^^^^^^^^^\n  File \"/Users/martin/ab/backend/routers/internal.py\", line 188, in internal_get_proxy_provider\n    \"api_key\": provider.api_key[:8] + \"...\" if provider.api_key else None,\n                                               ^^^^^^^^^^^^^^^^\nAttributeError: 'ProxyProvider' object has no attribute 'api_key'"}
{"timestamp": "2026-02-21T18:02:21.644730Z", "level": "ERROR", "logger": "main", "message": "Startup failed: (psycopg2.OperationalError) connection to server at \"127.0.0.1\", port 5433 failed: Connection refused\n\tIs the server running on that host and accepting TCP/IP connections?\n\n(Background on this error at: https://sqlalche.me/e/20/e3q8)", "request_id": "", "user_id": "", "module": "main", "function": "app_startup", "line": 1082}
{"timestamp": "2026-02-21T18:02:21.693035Z", "level": "ERROR", "logger": "main", "message": "Unhandled exception on GET /internal/project/nonexistent-id: OperationalError: (psycopg2.OperationalError) connection to server at \"127.0.0.1\", port 5433 failed: Connection refused\n\tIs the server running on that host and accepting TCP/IP connections?\n\n(Background on this error at: https://sqlalche.me/e/20/e3q8)", "request_id": "2fefd342", "user_id": "", "module": "main", "function": "global_exception_handler", "line": 933, "exception": "Traceback (most recent call last):\n  File \"/opt/homebrew/lib/python3.14/site-packages/sqlalchemy/engine/base.py\", line 143, in __init__\n    self._dbapi_connection = engine.raw_connection()\n                             ~~~~~~~~~~~~~~~~~~~~~^^\n  File \"/opt/homebrew/lib/python3.14/site-packages/sqlalchemy/engine/base.py\", line 3309, in raw_connection\n    return self.pool.connect()\n           ~~~~~~~~~~~~~~~~~^^\n  File \"/opt/homebrew/lib/python3.14/site-packages/sqlalchemy/pool/base.py\", line 447, in connect\n    return _ConnectionFairy._checkout(self)\n           ~~~~~~~~~~~~~~~~~~~~~~~~~~^^^^^^\n  File \"/opt/homebrew/lib/python3.14/site-packages/sqlalchemy/pool/base.py\", line 1264, in _checkout\n    fairy = _ConnectionRecord.checkout(pool)\n  File \"/opt/homebrew/lib/python3.14/site-packages/sqlalchemy/pool/base.py\", line 711, in checkout\n    rec = pool._do_get()\n  File \"/opt/homebrew/lib/python3.14/site-packages/sqlalchemy/pool/impl.py\", line 177, in _do_get\n    with util.safe_reraise():\n         ~~~~~~~~~~~~~~~~~^^\n  File \"/opt/homebrew/lib/python3.14/site-packages/sqlalchemy/util/langhelpers.py\", line 224, in __exit__\n    raise exc_value.with_traceback(exc_tb)\n  File \"/opt/homebrew/lib/python3.14/site-packages/sqlalchemy/pool/impl.py\", line 175, in _do_get\n    return self._create_connection()\n           ~~~~~~~~~~~~~~~~~~~~~~~^^\n  File \"/opt/homebrew/lib/python3.14/site-packages/sqlalchemy/pool/base.py\", line 388, in _create_connection\n    return _ConnectionRecord(self)\n  File \"/opt/homebrew/lib/python3.14/site-packages/sqlalchemy/pool/base.py\", line 673, in __init__\n    self.__connect()\n    ~~~~~~~~~~~~~~^^\n  File \"/opt/homebrew/lib/python3.14/site-packages/sqlalchemy/pool/base.py\", line 899, in __connect\n    with util.safe_reraise():\n         ~~~~~~~~~~~~~~~~~^^\n  File \"/opt/homebrew/lib/python3.14/site-packages/sqlalchemy/util/langhelpers.py\", line 224, in __exit__\n    raise exc_value.with_traceback(exc_tb)\n  File \"/opt/homebrew/lib/python3.14/site-packages/sqlalchemy/pool/base.py\", line 895, in __connect\n    self.dbapi_connection = connection = pool._invoke_creator(self)\n                                         ~~~~~~~~~~~~~~~~~~~~^^^^^^\n  File \"/opt/homebrew/lib/python3.14/site-packages/sqlalchemy/engine/create.py\", line 661, in connect\n    return dialect.connect(*cargs, **cparams)\n           ~~~~~~~~~~~~~~~^^^^^^^^^^^^^^^^^^^\n  File \"/opt/homebrew/lib/python3.14/site-packages/sqlalchemy/engine/default.py\", line 630, in connect\n    return self.loaded_dbapi.connect(*cargs, **cparams)  # type: ignore[no-any-return]  # NOQA: E501\n           ~~~~~~~~~~~~~~~~~~~~~~~~~^^^^^^^^^^^^^^^^^^^\n  File \"/opt/homebrew/lib/python3.14/site-packages/psycopg2/__init__.py\", line 122, in connect\n    conn = _connect(dsn, connection_factory=connection_factory, **kwasync)\npsycopg2.OperationalError: connection to server at \"127.0.0.1\", port 5433 failed: Connection refused\n\tIs the server running on that host and accepting TCP/IP connections?\n\n\nThe above exception was the direct cause of the following exception:\n\nTraceback (most recent call last):\n  File \"/opt/homebrew/lib/python3.14/site-packages/starlette/middleware/errors.py\", line 164, in __call__\n    await self.app(scope, receive, _send)\n  File \"/opt/homebrew/lib/python3.14/site-packages/starlette/middleware/base.py\", line 191, in __call__\n    with recv_stream, send_stream, collapse_excgroups():\n                                   ~~~~~~~~~~~~~~~~~~^^\n  File \"/opt/homebrew/Cellar/python@3.14/3.14.2_1/Frameworks/Python.framework/Versions/3.14/lib/python3.14/contextlib.py\", line 162, in __exit__\n    self.gen.throw(value)\n    ~~~~~~~~~~~~~~^^^^^^^\n  File \"/opt/homebrew/lib/python3.14/site-packages/starlette/_utils.py\", line 87, in collapse_excgroups\n    raise exc\n  File \"/opt/homebrew/lib/python3.14/site-packages/starlette/middleware/base.py\", line 193, in __call__\n    response = await self.dispatch_func(request, call_next)\n               ^^^^^^^^^^^^^^^^^^^^^^^^^^^^^^^^^^^^^^^^^^^^\n  File \"/Users/martin/ab/backend/main.py\", line 889, in request_id_middleware\n    response = await call_next(request)\n               ^^^^^^^^^^^^^^^^^^^^^^^^\n  File \"/opt/homebrew/lib/python3.14/site-packages/starlette/middleware/base.py\", line 168, in call_next\n    raise app_exc from app_exc.__cause__ or app_exc.__context__\n  File \"/opt/homebrew/lib/python3.14/site-packages/starlette/middleware/base.py\", line 144, in coro\n    await self.app(scope, receive_or_disconnect, send_no_error)\n  File \"/opt/homebrew/lib/python3.14/site-packages/starlette/middleware/cors.py\", line 87, in __call__\n    await self.app(scope, receive, send)\n  File \"/opt/homebrew/lib/python3.14/site-packages/starlette/middleware/exceptions.py\", line 63, in __call__\n    await wrap_app_handling_exceptions(self.app, conn)(scope, receive, send)\n  File \"/opt/homebrew/lib/python3.14/site-packages/starlette/_exception_handler.py\", line 53, in wrapped_app\n    raise exc\n  File \"/opt/homebrew/lib/python3.14/site-packages/starlette/_exception_handler.py\", line 42, in wrapped_app\n    await app(scope, receive, sender)\n  File \"/opt/homebrew/lib/python3.14/site-packages/fastapi/middleware/asyncexitstack.py\", line 18, in __call__\n    await self.app(scope, receive, send)\n  File \"/opt/homebrew/lib/python3.14/site-packages/starlette/routing.py\", line 716, in __call__\n    await self.middleware_stack(scope, receive, send)\n  File \"/opt/homebrew/lib/python3.14/site-packages/starlette/routing.py\", line 736, in app\n    await route.handle(scope, receive, send)\n  File \"/opt/homebrew/lib/python3.14/site-packages/starlette/routing.py\", line 290, in handle\n    await self.app(scope, receive, send)\n  File \"/opt/homebrew/lib/python3.14/site-packages/fastapi/routing.py\", line 119, in app\n    await wrap_app_handling_exceptions(app, request)(scope, receive, send)\n  File \"/opt/homebrew/lib/python3.14/site-packages/starlette/_exception_handler.py\", line 53, in wrapped_app\n    raise exc\n  File \"/opt/homebrew/lib/python3.14/site-packages/starlette/_exception_handler.py\", line 42, in wrapped_app\n    await app(scope, receive, sender)\n  File \"/opt/homebrew/lib/python3.14/site-packages/fastapi/routing.py\", line 105, in app\n    response = await f(request)\n               ^^^^^^^^^^^^^^^^\n  File \"/opt/homebrew/lib/python3.14/site-packages/fastapi/routing.py\", line 424, in app\n    raw_response = await run_endpoint_function(\n                   ^^^^^^^^^^^^^^^^^^^^^^^^^^^^\n    ...<3 lines>...\n    )\n    ^\n  File \"/opt/homebrew/lib/python3.14/site-packages/fastapi/routing.py\", line 314, in run_endpoint_function\n    return await run_in_threadpool(dependant.call, **values)\n           ^^^^^^^^^^^^^^^^^^^^^^^^^^^^^^^^^^^^^^^^^^^^^^^^^\n  File \"/opt/homebrew/lib/python3.14/site-packages/starlette/concurrency.py\", line 32, in run_in_threadpool\n    return await anyio.to_thread.run_sync(func)\n           ^^^^^^^^^^^^^^^^^^^^^^^^^^^^^^^^^^^^\n  File \"/opt/homebrew/lib/python3.14/site-packages/anyio/to_thread.py\", line 63, in run_sync\n    return await get_async_backend().run_sync_in_worker_thread(\n           ^^^^^^^^^^^^^^^^^^^^^^^^^^^^^^^^^^^^^^^^^^^^^^^^^^^^\n        func, args, abandon_on_cancel=abandon_on_cancel, limiter=limiter\n        ^^^^^^^^^^^^^^^^^^^^^^^^^^^^^^^^^^^^^^^^^^^^^^^^^^^^^^^^^^^^^^^^\n    )\n    ^\n  File \"/opt/homebrew/lib/python3.14/site-packages/anyio/_backends/_asyncio.py\", line 2502, in run_sync_in_worker_thread\n    return await future\n           ^^^^^^^^^^^^\n  File \"/opt/homebrew/lib/python3.14/site-packages/anyio/_backends/_asyncio.py\", line 986, in run\n    result = context.run(func, *args)\n  File \"/Users/martin/ab/backend/routers/internal.py\", line 66, in internal_get_project\n    project = db.query(models.Project).filter(models.Project.id == project_id).first()\n  File \"/opt/homebrew/lib/python3.14/site-packages/sqlalchemy/orm/query.py\", line 2759, in first\n    return self.limit(1)._iter().first()  # type: ignore\n           ~~~~~~~~~~~~~~~~~~~^^\n  File \"/opt/homebrew/lib/python3.14/site-packages/sqlalchemy/orm/query.py\", line 2857, in _iter\n    result: Union[ScalarResult[_T], Result[_T]] = self.session.execute(\n                                                  ~~~~~~~~~~~~~~~~~~~~^\n        statement,\n        ^^^^^^^^^^\n        params,\n        ^^^^^^^\n        execution_options={\"_sa_orm_load_options\": self.load_options},\n        ^^^^^^^^^^^^^^^^^^^^^^^^^^^^^^^^^^^^^^^^^^^^^^^^^^^^^^^^^^^^^^\n    )\n    ^\n  File \"/opt/homebrew/lib/python3.14/site-packages/sqlalchemy/orm/session.py\", line 2351, in execute\n    return self._execute_internal(\n           ~~~~~~~~~~~~~~~~~~~~~~^\n        statement,\n        ^^^^^^^^^^\n    ...<4 lines>...\n        _add_event=_add_event,\n        ^^^^^^^^^^^^^^^^^^^^^^\n    )\n    ^\n  File \"/opt/homebrew/lib/python3.14/site-packages/sqlalchemy/orm/session.py\", line 2239, in _execute_internal\n    conn = self._connection_for_bind(bind)\n  File \"/opt/homebrew/lib/python3.14/site-packages/sqlalchemy/orm/session.py\", line 2108, in _connection_for_bind\n    return trans._connection_for_bind(engine, execution_options)\n           ~~~~~~~~~~~~~~~~~~~~~~~~~~^^^^^^^^^^^^^^^^^^^^^^^^^^^\n  File \"<string>\", line 2, in _connection_for_bind\n  File \"/opt/homebrew/lib/python3.14/site-packages/sqlalchemy/orm/state_changes.py\", line 137, in _go\n    ret_value = fn(self, *arg, **kw)\n  File \"/opt/homebrew/lib/python3.14/site-packages/sqlalchemy/orm/session.py\", line 1187, in _connection_for_bind\n    conn = bind.connect()\n  File \"/opt/homebrew/lib/python3.14/site-packages/sqlalchemy/engine/base.py\", line 3285, in connect\n    return self._connection_cls(self)\n           ~~~~~~~~~~~~~~~~~~~~^^^^^^\n  File \"/opt/homebrew/lib/python3.14/site-packages/sqlalchemy/engine/base.py\", line 145, in __init__\n    Connection._handle_dbapi_exception_noconnection(\n    ~~~~~~~~~~~~~~~~~~~~~~~~~~~~~~~~~~~~~~~~~~~~~~~^\n        err, dialect, engine\n        ^^^^^^^^^^^^^^^^^^^^\n    )\n    ^\n  File \"/opt/homebrew/lib/python3.14/site-packages/sqlalchemy/engine/base.py\", line 2448, in _handle_dbapi_exception_noconnection\n    raise sqlalchemy_exception.with_traceback(exc_info[2]) from e\n  File \"/opt/homebrew/lib/python3.14/site-packages/sqlalchemy/engine/base.py\", line 143, in __init__\n    self._dbapi_connection = engine.raw_connection()\n                             ~~~~~~~~~~~~~~~~~~~~~^^\n  File \"/opt/homebrew/lib/python3.14/site-packages/sqlalchemy/engine/base.py\", line 3309, in raw_connection\n    return self.pool.connect()\n           ~~~~~~~~~~~~~~~~~^^\n  File \"/opt/homebrew/lib/python3.14/site-packages/sqlalchemy/pool/base.py\", line 447, in connect\n    return _ConnectionFairy._checkout(self)\n           ~~~~~~~~~~~~~~~~~~~~~~~~~~^^^^^^\n  File \"/opt/homebrew/lib/python3.14/site-packages/sqlalchemy/pool/base.py\", line 1264, in _checkout\n    fairy = _ConnectionRecord.checkout(pool)\n  File \"/opt/homebrew/lib/python3.14/site-packages/sqlalchemy/pool/base.py\", line 711, in checkout\n    rec = pool._do_get()\n  File \"/opt/homebrew/lib/python3.14/site-packages/sqlalchemy/pool/impl.py\", line 177, in _do_get\n    with util.safe_reraise():\n         ~~~~~~~~~~~~~~~~~^^\n  File \"/opt/homebrew/lib/python3.14/site-packages/sqlalchemy/util/langhelpers.py\", line 224, in __exit__\n    raise exc_value.with_traceback(exc_tb)\n  File \"/opt/homebrew/lib/python3.14/site-packages/sqlalchemy/pool/impl.py\", line 175, in _do_get\n    return self._create_connection()\n           ~~~~~~~~~~~~~~~~~~~~~~~^^\n  File \"/opt/homebrew/lib/python3.14/site-packages/sqlalchemy/pool/base.py\", line 388, in _create_connection\n    return _ConnectionRecord(self)\n  File \"/opt/homebrew/lib/python3.14/site-packages/sqlalchemy/pool/base.py\", line 673, in __init__\n    self.__connect()\n    ~~~~~~~~~~~~~~^^\n  File \"/opt/homebrew/lib/python3.14/site-packages/sqlalchemy/pool/base.py\", line 899, in __connect\n    with util.safe_reraise():\n         ~~~~~~~~~~~~~~~~~^^\n  File \"/opt/homebrew/lib/python3.14/site-packages/sqlalchemy/util/langhelpers.py\", line 224, in __exit__\n    raise exc_value.with_traceback(exc_tb)\n  File \"/opt/homebrew/lib/python3.14/site-packages/sqlalchemy/pool/base.py\", line 895, in __connect\n    self.dbapi_connection = connection = pool._invoke_creator(self)\n                                         ~~~~~~~~~~~~~~~~~~~~^^^^^^\n  File \"/opt/homebrew/lib/python3.14/site-packages/sqlalchemy/engine/create.py\", line 661, in connect\n    return dialect.connect(*cargs, **cparams)\n           ~~~~~~~~~~~~~~~^^^^^^^^^^^^^^^^^^^\n  File \"/opt/homebrew/lib/python3.14/site-packages/sqlalchemy/engine/default.py\", line 630, in connect\n    return self.loaded_dbapi.connect(*cargs, **cparams)  # type: ignore[no-any-return]  # NOQA: E501\n           ~~~~~~~~~~~~~~~~~~~~~~~~~^^^^^^^^^^^^^^^^^^^\n  File \"/opt/homebrew/lib/python3.14/site-packages/psycopg2/__init__.py\", line 122, in connect\n    conn = _connect(dsn, connection_factory=connection_factory, **kwasync)\nsqlalchemy.exc.OperationalError: (psycopg2.OperationalError) connection to server at \"127.0.0.1\", port 5433 failed: Connection refused\n\tIs the server running on that host and accepting TCP/IP connections?\n\n(Background on this error at: https://sqlalche.me/e/20/e3q8)"}
{"timestamp": "2026-02-21T18:02:21.704542Z", "level": "ERROR", "logger": "error_logger", "message": "Exception captured: OperationalError: (psycopg2.OperationalError) connection to server at \"127.0.0.1\", port 5433 failed: Connection refused\n\tIs the server running on that host and accepting TCP/IP connections?\n\n(Background on this error at: https://sqlalche.me/e/20/e3q8)", "request_id": "2fefd342", "user_id": "", "module": "error_logger", "function": "capture_exception", "line": 215, "exception": "Traceback (most recent call last):\n  File \"/opt/homebrew/lib/python3.14/site-packages/sqlalchemy/engine/base.py\", line 143, in __init__\n    self._dbapi_connection = engine.raw_connection()\n                             ~~~~~~~~~~~~~~~~~~~~~^^\n  File \"/opt/homebrew/lib/python3.14/site-packages/sqlalchemy/engine/base.py\", line 3309, in raw_connection\n    return self.pool.connect()\n           ~~~~~~~~~~~~~~~~~^^\n  File \"/opt/homebrew/lib/python3.14/site-packages/sqlalchemy/pool/base.py\", line 447, in connect\n    return _ConnectionFairy._checkout(self)\n           ~~~~~~~~~~~~~~~~~~~~~~~~~~^^^^^^\n  File \"/opt/homebrew/lib/python3.14/site-packages/sqlalchemy/pool/base.py\", line 1264, in _checkout\n    fairy = _ConnectionRecord.checkout(pool)\n  File \"/opt/homebrew/lib/python3.14/site-packages/sqlalchemy/pool/base.py\", line 711, in checkout\n    rec = pool._do_get()\n  File \"/opt/homebrew/lib/python3.14/site-packages/sqlalchemy/pool/impl.py\", line 177, in _do_get\n    with util.safe_reraise():\n         ~~~~~~~~~~~~~~~~~^^\n  File \"/opt/homebrew/lib/python3.14/site-packages/sqlalchemy/util/langhelpers.py\", line 224, in __exit__\n    raise exc_value.with_traceback(exc_tb)\n  File \"/opt/homebrew/lib/python3.14/site-packages/sqlalchemy/pool/impl.py\", line 175, in _do_get\n    return self._create_connection()\n           ~~~~~~~~~~~~~~~~~~~~~~~^^\n  File \"/opt/homebrew/lib/python3.14/site-packages/sqlalchemy/pool/base.py\", line 388, in _create_connection\n    return _ConnectionRecord(self)\n  File \"/opt/homebrew/lib/python3.14/site-packages/sqlalchemy/pool/base.py\", line 673, in __init__\n    self.__connect()\n    ~~~~~~~~~~~~~~^^\n  File \"/opt/homebrew/lib/python3.14/site-packages/sqlalchemy/pool/base.py\", line 899, in __connect\n    with util.safe_reraise():\n         ~~~~~~~~~~~~~~~~~^^\n  File \"/opt/homebrew/lib/python3.14/site-packages/sqlalchemy/util/langhelpers.py\", line 224, in __exit__\n    raise exc_value.with_traceback(exc_tb)\n  File \"/opt/homebrew/lib/python3.14/site-packages/sqlalchemy/pool/base.py\", line 895, in __connect\n    self.dbapi_connection = connection = pool._invoke_creator(self)\n                                         ~~~~~~~~~~~~~~~~~~~~^^^^^^\n  File \"/opt/homebrew/lib/python3.14/site-packages/sqlalchemy/engine/create.py\", line 661, in connect\n    return dialect.connect(*cargs, **cparams)\n           ~~~~~~~~~~~~~~~^^^^^^^^^^^^^^^^^^^\n  File \"/opt/homebrew/lib/python3.14/site-packages/sqlalchemy/engine/default.py\", line 630, in connect\n    return self.loaded_dbapi.connect(*cargs, **cparams)  # type: ignore[no-any-return]  # NOQA: E501\n           ~~~~~~~~~~~~~~~~~~~~~~~~~^^^^^^^^^^^^^^^^^^^\n  File \"/opt/homebrew/lib/python3.14/site-packages/psycopg2/__init__.py\", line 122, in connect\n    conn = _connect(dsn, connection_factory=connection_factory, **kwasync)\npsycopg2.OperationalError: connection to server at \"127.0.0.1\", port 5433 failed: Connection refused\n\tIs the server running on that host and accepting TCP/IP connections?\n\n\nThe above exception was the direct cause of the following exception:\n\nTraceback (most recent call last):\n  File \"/opt/homebrew/lib/python3.14/site-packages/starlette/middleware/errors.py\", line 164, in __call__\n    await self.app(scope, receive, _send)\n  File \"/opt/homebrew/lib/python3.14/site-packages/starlette/middleware/base.py\", line 191, in __call__\n    with recv_stream, send_stream, collapse_excgroups():\n                                   ~~~~~~~~~~~~~~~~~~^^\n  File \"/opt/homebrew/Cellar/python@3.14/3.14.2_1/Frameworks/Python.framework/Versions/3.14/lib/python3.14/contextlib.py\", line 162, in __exit__\n    self.gen.throw(value)\n    ~~~~~~~~~~~~~~^^^^^^^\n  File \"/opt/homebrew/lib/python3.14/site-packages/starlette/_utils.py\", line 87, in collapse_excgroups\n    raise exc\n  File \"/opt/homebrew/lib/python3.14/site-packages/starlette/middleware/base.py\", line 193, in __call__\n    response = await self.dispatch_func(request, call_next)\n               ^^^^^^^^^^^^^^^^^^^^^^^^^^^^^^^^^^^^^^^^^^^^\n  File \"/Users/martin/ab/backend/main.py\", line 889, in request_id_middleware\n    response = await call_next(request)\n               ^^^^^^^^^^^^^^^^^^^^^^^^\n  File \"/opt/homebrew/lib/python3.14/site-packages/starlette/middleware/base.py\", line 168, in call_next\n    raise app_exc from app_exc.__cause__ or app_exc.__context__\n  File \"/opt/homebrew/lib/python3.14/site-packages/starlette/middleware/base.py\", line 144, in coro\n    await self.app(scope, receive_or_disconnect, send_no_error)\n  File \"/opt/homebrew/lib/python3.14/site-packages/starlette/middleware/cors.py\", line 87, in __call__\n    await self.app(scope, receive, send)\n  File \"/opt/homebrew/lib/python3.14/site-packages/starlette/middleware/exceptions.py\", line 63, in __call__\n    await wrap_app_handling_exceptions(self.app, conn)(scope, receive, send)\n  File \"/opt/homebrew/lib/python3.14/site-packages/starlette/_exception_handler.py\", line 53, in wrapped_app\n    raise exc\n  File \"/opt/homebrew/lib/python3.14/site-packages/starlette/_exception_handler.py\", line 42, in wrapped_app\n    await app(scope, receive, sender)\n  File \"/opt/homebrew/lib/python3.14/site-packages/fastapi/middleware/asyncexitstack.py\", line 18, in __call__\n    await self.app(scope, receive, send)\n  File \"/opt/homebrew/lib/python3.14/site-packages/starlette/routing.py\", line 716, in __call__\n    await self.middleware_stack(scope, receive, send)\n  File \"/opt/homebrew/lib/python3.14/site-packages/starlette/routing.py\", line 736, in app\n    await route.handle(scope, receive, send)\n  File \"/opt/homebrew/lib/python3.14/site-packages/starlette/routing.py\", line 290, in handle\n    await self.app(scope, receive, send)\n  File \"/opt/homebrew/lib/python3.14/site-packages/fastapi/routing.py\", line 119, in app\n    await wrap_app_handling_exceptions(app, request)(scope, receive, send)\n  File \"/opt/homebrew/lib/python3.14/site-packages/starlette/_exception_handler.py\", line 53, in wrapped_app\n    raise exc\n  File \"/opt/homebrew/lib/python3.14/site-packages/starlette/_exception_handler.py\", line 42, in wrapped_app\n    await app(scope, receive, sender)\n  File \"/opt/homebrew/lib/python3.14/site-packages/fastapi/routing.py\", line 105, in app\n    response = await f(request)\n               ^^^^^^^^^^^^^^^^\n  File \"/opt/homebrew/lib/python3.14/site-packages/fastapi/routing.py\", line 424, in app\n    raw_response = await run_endpoint_function(\n                   ^^^^^^^^^^^^^^^^^^^^^^^^^^^^\n    ...<3 lines>...\n    )\n    ^\n  File \"/opt/homebrew/lib/python3.14/site-packages/fastapi/routing.py\", line 314, in run_endpoint_function\n    return await run_in_threadpool(dependant.call, **values)\n           ^^^^^^^^^^^^^^^^^^^^^^^^^^^^^^^^^^^^^^^^^^^^^^^^^\n  File \"/opt/homebrew/lib/python3.14/site-packages/starlette/concurrency.py\", line 32, in run_in_threadpool\n    return await anyio.to_thread.run_sync(func)\n           ^^^^^^^^^^^^^^^^^^^^^^^^^^^^^^^^^^^^\n  File \"/opt/homebrew/lib/python3.14/site-packages/anyio/to_thread.py\", line 63, in run_sync\n    return await get_async_backend().run_sync_in_worker_thread(\n           ^^^^^^^^^^^^^^^^^^^^^^^^^^^^^^^^^^^^^^^^^^^^^^^^^^^^\n        func, args, abandon_on_cancel=abandon_on_cancel, limiter=limiter\n        ^^^^^^^^^^^^^^^^^^^^^^^^^^^^^^^^^^^^^^^^^^^^^^^^^^^^^^^^^^^^^^^^\n    )\n    ^\n  File \"/opt/homebrew/lib/python3.14/site-packages/anyio/_backends/_asyncio.py\", line 2502, in run_sync_in_worker_thread\n    return await future\n           ^^^^^^^^^^^^\n  File \"/opt/homebrew/lib/python3.14/site-packages/anyio/_backends/_asyncio.py\", line 986, in run\n    result = context.run(func, *args)\n  File \"/Users/martin/ab/backend/routers/internal.py\", line 66, in internal_get_project\n    project = db.query(models.Project).filter(models.Project.id == project_id).first()\n  File \"/opt/homebrew/lib/python3.14/site-packages/sqlalchemy/orm/query.py\", line 2759, in first\n    return self.limit(1)._iter().first()  # type: ignore\n           ~~~~~~~~~~~~~~~~~~~^^\n  File \"/opt/homebrew/lib/python3.14/site-packages/sqlalchemy/orm/query.py\", line 2857, in _iter\n    result: Union[ScalarResult[_T], Result[_T]] = self.session.execute(\n                                                  ~~~~~~~~~~~~~~~~~~~~^\n        statement,\n        ^^^^^^^^^^\n        params,\n        ^^^^^^^\n        execution_options={\"_sa_orm_load_options\": self.load_options},\n        ^^^^^^^^^^^^^^^^^^^^^^^^^^^^^^^^^^^^^^^^^^^^^^^^^^^^^^^^^^^^^^\n    )\n    ^\n  File \"/opt/homebrew/lib/python3.14/site-packages/sqlalchemy/orm/session.py\", line 2351, in execute\n    return self._execute_internal(\n           ~~~~~~~~~~~~~~~~~~~~~~^\n        statement,\n        ^^^^^^^^^^\n    ...<4 lines>...\n        _add_event=_add_event,\n        ^^^^^^^^^^^^^^^^^^^^^^\n    )\n    ^\n  File \"/opt/homebrew/lib/python3.14/site-packages/sqlalchemy/orm/session.py\", line 2239, in _execute_internal\n    conn = self._connection_for_bind(bind)\n  File \"/opt/homebrew/lib/python3.14/site-packages/sqlalchemy/orm/session.py\", line 2108, in _connection_for_bind\n    return trans._connection_for_bind(engine, execution_options)\n           ~~~~~~~~~~~~~~~~~~~~~~~~~~^^^^^^^^^^^^^^^^^^^^^^^^^^^\n  File \"<string>\", line 2, in _connection_for_bind\n  File \"/opt/homebrew/lib/python3.14/site-packages/sqlalchemy/orm/state_changes.py\", line 137, in _go\n    ret_value = fn(self, *arg, **kw)\n  File \"/opt/homebrew/lib/python3.14/site-packages/sqlalchemy/orm/session.py\", line 1187, in _connection_for_bind\n    conn = bind.connect()\n  File \"/opt/homebrew/lib/python3.14/site-packages/sqlalchemy/engine/base.py\", line 3285, in connect\n    return self._connection_cls(self)\n           ~~~~~~~~~~~~~~~~~~~~^^^^^^\n  File \"/opt/homebrew/lib/python3.14/site-packages/sqlalchemy/engine/base.py\", line 145, in __init__\n    Connection._handle_dbapi_exception_noconnection(\n    ~~~~~~~~~~~~~~~~~~~~~~~~~~~~~~~~~~~~~~~~~~~~~~~^\n        err, dialect, engine\n        ^^^^^^^^^^^^^^^^^^^^\n    )\n    ^\n  File \"/opt/homebrew/lib/python3.14/site-packages/sqlalchemy/engine/base.py\", line 2448, in _handle_dbapi_exception_noconnection\n    raise sqlalchemy_exception.with_traceback(exc_info[2]) from e\n  File \"/opt/homebrew/lib/python3.14/site-packages/sqlalchemy/engine/base.py\", line 143, in __init__\n    self._dbapi_connection = engine.raw_connection()\n                             ~~~~~~~~~~~~~~~~~~~~~^^\n  File \"/opt/homebrew/lib/python3.14/site-packages/sqlalchemy/engine/base.py\", line 3309, in raw_connection\n    return self.pool.connect()\n           ~~~~~~~~~~~~~~~~~^^\n  File \"/opt/homebrew/lib/python3.14/site-packages/sqlalchemy/pool/base.py\", line 447, in connect\n    return _ConnectionFairy._checkout(self)\n           ~~~~~~~~~~~~~~~~~~~~~~~~~~^^^^^^\n  File \"/opt/homebrew/lib/python3.14/site-packages/sqlalchemy/pool/base.py\", line 1264, in _checkout\n    fairy = _ConnectionRecord.checkout(pool)\n  File \"/opt/homebrew/lib/python3.14/site-packages/sqlalchemy/pool/base.py\", line 711, in checkout\n    rec = pool._do_get()\n  File \"/opt/homebrew/lib/python3.14/site-packages/sqlalchemy/pool/impl.py\", line 177, in _do_get\n    with util.safe_reraise():\n         ~~~~~~~~~~~~~~~~~^^\n  File \"/opt/homebrew/lib/python3.14/site-packages/sqlalchemy/util/langhelpers.py\", line 224, in __exit__\n    raise exc_value.with_traceback(exc_tb)\n  File \"/opt/homebrew/lib/python3.14/site-packages/sqlalchemy/pool/impl.py\", line 175, in _do_get\n    return self._create_connection()\n           ~~~~~~~~~~~~~~~~~~~~~~~^^\n  File \"/opt/homebrew/lib/python3.14/site-packages/sqlalchemy/pool/base.py\", line 388, in _create_connection\n    return _ConnectionRecord(self)\n  File \"/opt/homebrew/lib/python3.14/site-packages/sqlalchemy/pool/base.py\", line 673, in __init__\n    self.__connect()\n    ~~~~~~~~~~~~~~^^\n  File \"/opt/homebrew/lib/python3.14/site-packages/sqlalchemy/pool/base.py\", line 899, in __connect\n    with util.safe_reraise():\n         ~~~~~~~~~~~~~~~~~^^\n  File \"/opt/homebrew/lib/python3.14/site-packages/sqlalchemy/util/langhelpers.py\", line 224, in __exit__\n    raise exc_value.with_traceback(exc_tb)\n  File \"/opt/homebrew/lib/python3.14/site-packages/sqlalchemy/pool/base.py\", line 895, in __connect\n    self.dbapi_connection = connection = pool._invoke_creator(self)\n                                         ~~~~~~~~~~~~~~~~~~~~^^^^^^\n  File \"/opt/homebrew/lib/python3.14/site-packages/sqlalchemy/engine/create.py\", line 661, in connect\n    return dialect.connect(*cargs, **cparams)\n           ~~~~~~~~~~~~~~~^^^^^^^^^^^^^^^^^^^\n  File \"/opt/homebrew/lib/python3.14/site-packages/sqlalchemy/engine/default.py\", line 630, in connect\n    return self.loaded_dbapi.connect(*cargs, **cparams)  # type: ignore[no-any-return]  # NOQA: E501\n           ~~~~~~~~~~~~~~~~~~~~~~~~~^^^^^^^^^^^^^^^^^^^\n  File \"/opt/homebrew/lib/python3.14/site-packages/psycopg2/__init__.py\", line 122, in connect\n    conn = _connect(dsn, connection_factory=connection_factory, **kwasync)\nsqlalchemy.exc.OperationalError: (psycopg2.OperationalError) connection to server at \"127.0.0.1\", port 5433 failed: Connection refused\n\tIs the server running on that host and accepting TCP/IP connections?\n\n(Background on this error at: https://sqlalche.me/e/20/e3q8)"}
{"timestamp": "2026-02-21T22:27:01.742842Z", "level": "ERROR", "logger": "main", "message": "Migration error: (sqlite3.OperationalError) no such table: information_schema.columns\n[SQL: SELECT 1 FROM information_schema.columns WHERE table_name = ? AND column_name = ?]\n[parameters: ('users', 'email')]\n(Background on this error at: https://sqlalche.me/e/20/e3q8)", "request_id": "", "user_id": "", "module": "main", "function": "run_column_migrations", "line": 793}
{"timestamp": "2026-02-21T22:27:01.909488Z", "level": "ERROR", "logger": "main", "message": "Unhandled exception on GET /internal/proxy-provider: AttributeError: 'ProxyProvider' object has no attribute 'api_key'", "request_id": "bb849d3e", "user_id": "", "module": "main", "function": "global_exception_handler", "line": 939, "exception": "Traceback (most recent call last):\n  File \"/opt/homebrew/lib/python3.14/site-packages/starlette/middleware/errors.py\", line 164, in __call__\n    await self.app(scope, receive, _send)\n  File \"/opt/homebrew/lib/python3.14/site-packages/starlette/middleware/base.py\", line 191, in __call__\n    with recv_stream, send_stream, collapse_excgroups():\n                                   ~~~~~~~~~~~~~~~~~~^^\n  File \"/opt/homebrew/Cellar/python@3.14/3.14.2_1/Frameworks/Python.framework/Versions/3.14/lib/python3.14/contextlib.py\", line 162, in __exit__\n    self.gen.throw(value)\n    ~~~~~~~~~~~~~~^^^^^^^\n  File \"/opt/homebrew/lib/python3.14/site-packages/starlette/_utils.py\", line 87, in collapse_excgroups\n    raise exc\n  File \"/opt/homebrew/lib/python3.14/site-packages/starlette/middleware/base.py\", line 193, in __call__\n    response = await self.dispatch_func(request, call_next)\n               ^^^^^^^^^^^^^^^^^^^^^^^^^^^^^^^^^^^^^^^^^^^^\n  File \"/Users/martin/ab/backend/main.py\", line 895, in request_id_middleware\n    response = await call_next(request)\n               ^^^^^^^^^^^^^^^^^^^^^^^^\n  File \"/opt/homebrew/lib/python3.14/site-packages/starlette/middleware/base.py\", line 168, in call_next\n    raise app_exc from app_exc.__cause__ or app_exc.__context__\n  File \"/opt/homebrew/lib/python3.14/site-packages/starlette/middleware/base.py\", line 144, in coro\n    await self.app(scope, receive_or_disconnect, send_no_error)\n  File \"/opt/homebrew/lib/python3.14/site-packages/starlette/middleware/cors.py\", line 87, in __call__\n    await self.app(scope, receive, send)\n  File \"/opt/homebrew/lib/python3.14/site-packages/starlette/middleware/exceptions.py\", line 63, in __call__\n    await wrap_app_handling_exceptions(self.app, conn)(scope, receive, send)\n  File \"/opt/homebrew/lib/python3.14/site-packages/starlette/_exception_handler.py\", line 53, in wrapped_app\n    raise exc\n  File \"/opt/homebrew/lib/python3.14/site-packages/starlette/_exception_handler.py\", line 42, in wrapped_app\n    await app(scope, receive, sender)\n  File \"/opt/homebrew/lib/python3.14/site-packages/fastapi/middleware/asyncexitstack.py\", line 18, in __call__\n    await self.app(scope, receive, send)\n  File \"/opt/homebrew/lib/python3.14/site-packages/starlette/routing.py\", line 716, in __call__\n    await self.middleware_stack(scope, receive, send)\n  File \"/opt/homebrew/lib/python3.14/site-packages/starlette/routing.py\", line 736, in app\n    await route.handle(scope, receive, send)\n  File \"/opt/homebrew/lib/python3.14/site-packages/starlette/routing.py\", line 290, in handle\n    await self.app(scope, receive, send)\n  File \"/opt/homebrew/lib/python3.14/site-packages/fastapi/routing.py\", line 119, in app\n    await wrap_app_handling_exceptions(app, request)(scope, receive, send)\n  File \"/opt/homebrew/lib/python3.14/site-packages/starlette/_exception_handler.py\", line 53, in wrapped_app\n    raise exc\n  File \"/opt/homebrew/lib/python3.14/site-packages/starlette/_exception_handler.py\", line 42, in wrapped_app\n    await app(scope, receive, sender)\n  File \"/opt/homebrew/lib/python3.14/site-packages/fastapi/routing.py\", line 105, in app\n    response = await f(request)\n               ^^^^^^^^^^^^^^^^\n  File \"/opt/homebrew/lib/python3.14/site-packages/fastapi/routing.py\", line 424, in app\n    raw_response = await run_endpoint_function(\n                   ^^^^^^^^^^^^^^^^^^^^^^^^^^^^\n    ...<3 lines>...\n    )\n    ^\n  File \"/opt/homebrew/lib/python3.14/site-packages/fastapi/routing.py\", line 312, in run_endpoint_function\n    return await dependant.call(**values)\n           ^^^^^^^^^^^^^^^^^^^^^^^^^^^^^^\n  File \"/Users/martin/ab/backend/routers/internal.py\", line 218, in internal_get_proxy_provider\n    \"api_key\": provider.api_key[:8] + \"...\" if provider.api_key else None,\n                                               ^^^^^^^^^^^^^^^^\nAttributeError: 'ProxyProvider' object has no attribute 'api_key'"}
{"timestamp": "2026-02-21T22:27:01.912828Z", "level": "ERROR", "logger": "error_logger", "message": "Exception captured: AttributeError: 'ProxyProvider' object has no attribute 'api_key'", "request_id": "bb849d3e", "user_id": "", "module": "error_logger", "function": "capture_exception", "line": 215, "exception": "Traceback (most recent call last):\n  File \"/opt/homebrew/lib/python3.14/site-packages/starlette/middleware/errors.py\", line 164, in __call__\n    await self.app(scope, receive, _send)\n  File \"/opt/homebrew/lib/python3.14/site-packages/starlette/middleware/base.py\", line 191, in __call__\n    with recv_stream, send_stream, collapse_excgroups():\n                                   ~~~~~~~~~~~~~~~~~~^^\n  File \"/opt/homebrew/Cellar/python@3.14/3.14.2_1/Frameworks/Python.framework/Versions/3.14/lib/python3.14/contextlib.py\", line 162, in __exit__\n    self.gen.throw(value)\n    ~~~~~~~~~~~~~~^^^^^^^\n  File \"/opt/homebrew/lib/python3.14/site-packages/starlette/_utils.py\", line 87, in collapse_excgroups\n    raise exc\n  File \"/opt/homebrew/lib/python3.14/site-packages/starlette/middleware/base.py\", line 193, in __call__\n    response = await self.dispatch_func(request, call_next)\n               ^^^^^^^^^^^^^^^^^^^^^^^^^^^^^^^^^^^^^^^^^^^^\n  File \"/Users/martin/ab/backend/main.py\", line 895, in request_id_middleware\n    response = await call_next(request)\n               ^^^^^^^^^^^^^^^^^^^^^^^^\n  File \"/opt/homebrew/lib/python3.14/site-packages/starlette/middleware/base.py\", line 168, in call_next\n    raise app_exc from app_exc.__cause__ or app_exc.__context__\n  File \"/opt/homebrew/lib/python3.14/site-packages/starlette/middleware/base.py\", line 144, in coro\n    await self.app(scope, receive_or_disconnect, send_no_error)\n  File \"/opt/homebrew/lib/python3.14/site-packages/starlette/middleware/cors.py\", line 87, in __call__\n    await self.app(scope, receive, send)\n  File \"/opt/homebrew/lib/python3.14/site-packages/starlette/middleware/exceptions.py\", line 63, in __call__\n    await wrap_app_handling_exceptions(self.app, conn)(scope, receive, send)\n  File \"/opt/homebrew/lib/python3.14/site-packages/starlette/_exception_handler.py\", line 53, in wrapped_app\n    raise exc\n  File \"/opt/homebrew/lib/python3.14/site-packages/starlette/_exception_handler.py\", line 42, in wrapped_app\n    await app(scope, receive, sender)\n  File \"/opt/homebrew/lib/python3.14/site-packages/fastapi/middleware/asyncexitstack.py\", line 18, in __call__\n    await self.app(scope, receive, send)\n  File \"/opt/homebrew/lib/python3.14/site-packages/starlette/routing.py\", line 716, in __call__\n    await self.middleware_stack(scope, receive, send)\n  File \"/opt/homebrew/lib/python3.14/site-packages/starlette/routing.py\", line 736, in app\n    await route.handle(scope, receive, send)\n  File \"/opt/homebrew/lib/python3.14/site-packages/starlette/routing.py\", line 290, in handle\n    await self.app(scope, receive, send)\n  File \"/opt/homebrew/lib/python3.14/site-packages/fastapi/routing.py\", line 119, in app\n    await wrap_app_handling_exceptions(app, request)(scope, receive, send)\n  File \"/opt/homebrew/lib/python3.14/site-packages/starlette/_exception_handler.py\", line 53, in wrapped_app\n    raise exc\n  File \"/opt/homebrew/lib/python3.14/site-packages/starlette/_exception_handler.py\", line 42, in wrapped_app\n    await app(scope, receive, sender)\n  File \"/opt/homebrew/lib/python3.14/site-packages/fastapi/routing.py\", line 105, in app\n    response = await f(request)\n               ^^^^^^^^^^^^^^^^\n  File \"/opt/homebrew/lib/python3.14/site-packages/fastapi/routing.py\", line 424, in app\n    raw_response = await run_endpoint_function(\n                   ^^^^^^^^^^^^^^^^^^^^^^^^^^^^\n    ...<3 lines>...\n    )\n    ^\n  File \"/opt/homebrew/lib/python3.14/site-packages/fastapi/routing.py\", line 312, in run_endpoint_function\n    return await dependant.call(**values)\n           ^^^^^^^^^^^^^^^^^^^^^^^^^^^^^^\n  File \"/Users/martin/ab/backend/routers/internal.py\", line 218, in internal_get_proxy_provider\n    \"api_key\": provider.api_key[:8] + \"...\" if provider.api_key else None,\n                                               ^^^^^^^^^^^^^^^^\nAttributeError: 'ProxyProvider' object has no attribute 'api_key'"}
{"timestamp": "2026-02-21T22:41:02.519551Z", "level": "ERROR", "logger": "main", "message": "Startup failed: (psycopg2.OperationalError) connection to server at \"127.0.0.1\", port 5433 failed: Connection refused\n\tIs the server running on that host and accepting TCP/IP connections?\n\n(Background on this error at: https://sqlalche.me/e/20/e3q8)", "request_id": "", "user_id": "", "module": "main", "function": "app_startup", "line": 1088}
{"timestamp": "2026-02-21T22:42:36.720083Z", "level": "ERROR", "logger": "main", "message": "Startup failed: (psycopg2.OperationalError) connection to server at \"127.0.0.1\", port 5433 failed: Connection refused\n\tIs the server running on that host and accepting TCP/IP connections?\n\n(Background on this error at: https://sqlalche.me/e/20/e3q8)", "request_id": "", "user_id": "", "module": "main", "function": "app_startup", "line": 1088}
{"timestamp": "2026-02-21T22:42:50.928642Z", "level": "ERROR", "logger": "main", "message": "Unhandled exception on POST /auth/register: OperationalError: (psycopg2.OperationalError) connection to server at \"127.0.0.1\", port 5433 failed: Connection refused\n\tIs the server running on that host and accepting TCP/IP connections?\n\n(Background on this error at: https://sqlalche.me/e/20/e3q8)", "request_id": "43fb599f", "user_id": "", "module": "main", "function": "global_exception_handler", "line": 939, "exception": "Traceback (most recent call last):\n  File \"/opt/homebrew/lib/python3.14/site-packages/sqlalchemy/engine/base.py\", line 143, in __init__\n    self._dbapi_connection = engine.raw_connection()\n                             ~~~~~~~~~~~~~~~~~~~~~^^\n  File \"/opt/homebrew/lib/python3.14/site-packages/sqlalchemy/engine/base.py\", line 3309, in raw_connection\n    return self.pool.connect()\n           ~~~~~~~~~~~~~~~~~^^\n  File \"/opt/homebrew/lib/python3.14/site-packages/sqlalchemy/pool/base.py\", line 447, in connect\n    return _ConnectionFairy._checkout(self)\n           ~~~~~~~~~~~~~~~~~~~~~~~~~~^^^^^^\n  File \"/opt/homebrew/lib/python3.14/site-packages/sqlalchemy/pool/base.py\", line 1264, in _checkout\n    fairy = _ConnectionRecord.checkout(pool)\n  File \"/opt/homebrew/lib/python3.14/site-packages/sqlalchemy/pool/base.py\", line 711, in checkout\n    rec = pool._do_get()\n  File \"/opt/homebrew/lib/python3.14/site-packages/sqlalchemy/pool/impl.py\", line 177, in _do_get\n    with util.safe_reraise():\n         ~~~~~~~~~~~~~~~~~^^\n  File \"/opt/homebrew/lib/python3.14/site-packages/sqlalchemy/util/langhelpers.py\", line 224, in __exit__\n    raise exc_value.with_traceback(exc_tb)\n  File \"/opt/homebrew/lib/python3.14/site-packages/sqlalchemy/pool/impl.py\", line 175, in _do_get\n    return self._create_connection()\n           ~~~~~~~~~~~~~~~~~~~~~~~^^\n  File \"/opt/homebrew/lib/python3.14/site-packages/sqlalchemy/pool/base.py\", line 388, in _create_connection\n    return _ConnectionRecord(self)\n  File \"/opt/homebrew/lib/python3.14/site-packages/sqlalchemy/pool/base.py\", line 673, in __init__\n    self.__connect()\n    ~~~~~~~~~~~~~~^^\n  File \"/opt/homebrew/lib/python3.14/site-packages/sqlalchemy/pool/base.py\", line 899, in __connect\n    with util.safe_reraise():\n         ~~~~~~~~~~~~~~~~~^^\n  File \"/opt/homebrew/lib/python3.14/site-packages/sqlalchemy/util/langhelpers.py\", line 224, in __exit__\n    raise exc_value.with_traceback(exc_tb)\n  File \"/opt/homebrew/lib/python3.14/site-packages/sqlalchemy/pool/base.py\", line 895, in __connect\n    self.dbapi_connection = connection = pool._invoke_creator(self)\n                                         ~~~~~~~~~~~~~~~~~~~~^^^^^^\n  File \"/opt/homebrew/lib/python3.14/site-packages/sqlalchemy/engine/create.py\", line 661, in connect\n    return dialect.connect(*cargs, **cparams)\n           ~~~~~~~~~~~~~~~^^^^^^^^^^^^^^^^^^^\n  File \"/opt/homebrew/lib/python3.14/site-packages/sqlalchemy/engine/default.py\", line 630, in connect\n    return self.loaded_dbapi.connect(*cargs, **cparams)  # type: ignore[no-any-return]  # NOQA: E501\n           ~~~~~~~~~~~~~~~~~~~~~~~~~^^^^^^^^^^^^^^^^^^^\n  File \"/opt/homebrew/lib/python3.14/site-packages/psycopg2/__init__.py\", line 122, in connect\n    conn = _connect(dsn, connection_factory=connection_factory, **kwasync)\npsycopg2.OperationalError: connection to server at \"127.0.0.1\", port 5433 failed: Connection refused\n\tIs the server running on that host and accepting TCP/IP connections?\n\n\nThe above exception was the direct cause of the following exception:\n\nTraceback (most recent call last):\n  File \"/opt/homebrew/lib/python3.14/site-packages/starlette/middleware/errors.py\", line 164, in __call__\n    await self.app(scope, receive, _send)\n  File \"/opt/homebrew/lib/python3.14/site-packages/starlette/middleware/base.py\", line 191, in __call__\n    with recv_stream, send_stream, collapse_excgroups():\n                                   ~~~~~~~~~~~~~~~~~~^^\n  File \"/opt/homebrew/Cellar/python@3.14/3.14.2_1/Frameworks/Python.framework/Versions/3.14/lib/python3.14/contextlib.py\", line 162, in __exit__\n    self.gen.throw(value)\n    ~~~~~~~~~~~~~~^^^^^^^\n  File \"/opt/homebrew/lib/python3.14/site-packages/starlette/_utils.py\", line 87, in collapse_excgroups\n    raise exc\n  File \"/opt/homebrew/lib/python3.14/site-packages/starlette/middleware/base.py\", line 193, in __call__\n    response = await self.dispatch_func(request, call_next)\n               ^^^^^^^^^^^^^^^^^^^^^^^^^^^^^^^^^^^^^^^^^^^^\n  File \"/Users/martin/ab/backend/main.py\", line 895, in request_id_middleware\n    response = await call_next(request)\n               ^^^^^^^^^^^^^^^^^^^^^^^^\n  File \"/opt/homebrew/lib/python3.14/site-packages/starlette/middleware/base.py\", line 168, in call_next\n    raise app_exc from app_exc.__cause__ or app_exc.__context__\n  File \"/opt/homebrew/lib/python3.14/site-packages/starlette/middleware/base.py\", line 144, in coro\n    await self.app(scope, receive_or_disconnect, send_no_error)\n  File \"/opt/homebrew/lib/python3.14/site-packages/starlette/middleware/cors.py\", line 87, in __call__\n    await self.app(scope, receive, send)\n  File \"/opt/homebrew/lib/python3.14/site-packages/starlette/middleware/exceptions.py\", line 63, in __call__\n    await wrap_app_handling_exceptions(self.app, conn)(scope, receive, send)\n  File \"/opt/homebrew/lib/python3.14/site-packages/starlette/_exception_handler.py\", line 53, in wrapped_app\n    raise exc\n  File \"/opt/homebrew/lib/python3.14/site-packages/starlette/_exception_handler.py\", line 42, in wrapped_app\n    await app(scope, receive, sender)\n  File \"/opt/homebrew/lib/python3.14/site-packages/fastapi/middleware/asyncexitstack.py\", line 18, in __call__\n    await self.app(scope, receive, send)\n  File \"/opt/homebrew/lib/python3.14/site-packages/starlette/routing.py\", line 716, in __call__\n    await self.middleware_stack(scope, receive, send)\n  File \"/opt/homebrew/lib/python3.14/site-packages/starlette/routing.py\", line 736, in app\n    await route.handle(scope, receive, send)\n  File \"/opt/homebrew/lib/python3.14/site-packages/starlette/routing.py\", line 290, in handle\n    await self.app(scope, receive, send)\n  File \"/opt/homebrew/lib/python3.14/site-packages/fastapi/routing.py\", line 119, in app\n    await wrap_app_handling_exceptions(app, request)(scope, receive, send)\n  File \"/opt/homebrew/lib/python3.14/site-packages/starlette/_exception_handler.py\", line 53, in wrapped_app\n    raise exc\n  File \"/opt/homebrew/lib/python3.14/site-packages/starlette/_exception_handler.py\", line 42, in wrapped_app\n    await app(scope, receive, sender)\n  File \"/opt/homebrew/lib/python3.14/site-packages/fastapi/routing.py\", line 105, in app\n    response = await f(request)\n               ^^^^^^^^^^^^^^^^\n  File \"/opt/homebrew/lib/python3.14/site-packages/fastapi/routing.py\", line 424, in app\n    raw_response = await run_endpoint_function(\n                   ^^^^^^^^^^^^^^^^^^^^^^^^^^^^\n    ...<3 lines>...\n    )\n    ^\n  File \"/opt/homebrew/lib/python3.14/site-packages/fastapi/routing.py\", line 314, in run_endpoint_function\n    return await run_in_threadpool(dependant.call, **values)\n           ^^^^^^^^^^^^^^^^^^^^^^^^^^^^^^^^^^^^^^^^^^^^^^^^^\n  File \"/opt/homebrew/lib/python3.14/site-packages/starlette/concurrency.py\", line 32, in run_in_threadpool\n    return await anyio.to_thread.run_sync(func)\n           ^^^^^^^^^^^^^^^^^^^^^^^^^^^^^^^^^^^^\n  File \"/opt/homebrew/lib/python3.14/site-packages/anyio/to_thread.py\", line 63, in run_sync\n    return await get_async_backend().run_sync_in_worker_thread(\n           ^^^^^^^^^^^^^^^^^^^^^^^^^^^^^^^^^^^^^^^^^^^^^^^^^^^^\n        func, args, abandon_on_cancel=abandon_on_cancel, limiter=limiter\n        ^^^^^^^^^^^^^^^^^^^^^^^^^^^^^^^^^^^^^^^^^^^^^^^^^^^^^^^^^^^^^^^^\n    )\n    ^\n  File \"/opt/homebrew/lib/python3.14/site-packages/anyio/_backends/_asyncio.py\", line 2502, in run_sync_in_worker_thread\n    return await future\n           ^^^^^^^^^^^^\n  File \"/opt/homebrew/lib/python3.14/site-packages/anyio/_backends/_asyncio.py\", line 986, in run\n    result = context.run(func, *args)\n  File \"/opt/homebrew/lib/python3.14/site-packages/slowapi/extension.py\", line 766, in sync_wrapper\n    response = func(*args, **kwargs)\n  File \"/Users/martin/ab/backend/main.py\", line 2018, in register\n    settings_row = db.query(models.SystemSettings).first()\n  File \"/opt/homebrew/lib/python3.14/site-packages/sqlalchemy/orm/query.py\", line 2759, in first\n    return self.limit(1)._iter().first()  # type: ignore\n           ~~~~~~~~~~~~~~~~~~~^^\n  File \"/opt/homebrew/lib/python3.14/site-packages/sqlalchemy/orm/query.py\", line 2857, in _iter\n    result: Union[ScalarResult[_T], Result[_T]] = self.session.execute(\n                                                  ~~~~~~~~~~~~~~~~~~~~^\n        statement,\n        ^^^^^^^^^^\n        params,\n        ^^^^^^^\n        execution_options={\"_sa_orm_load_options\": self.load_options},\n        ^^^^^^^^^^^^^^^^^^^^^^^^^^^^^^^^^^^^^^^^^^^^^^^^^^^^^^^^^^^^^^\n    )\n    ^\n  File \"/opt/homebrew/lib/python3.14/site-packages/sqlalchemy/orm/session.py\", line 2351, in execute\n    return self._execute_internal(\n           ~~~~~~~~~~~~~~~~~~~~~~^\n        statement,\n        ^^^^^^^^^^\n    ...<4 lines>...\n        _add_event=_add_event,\n        ^^^^^^^^^^^^^^^^^^^^^^\n    )\n    ^\n  File \"/opt/homebrew/lib/python3.14/site-packages/sqlalchemy/orm/session.py\", line 2239, in _execute_internal\n    conn = self._connection_for_bind(bind)\n  File \"/opt/homebrew/lib/python3.14/site-packages/sqlalchemy/orm/session.py\", line 2108, in _connection_for_bind\n    return trans._connection_for_bind(engine, execution_options)\n           ~~~~~~~~~~~~~~~~~~~~~~~~~~^^^^^^^^^^^^^^^^^^^^^^^^^^^\n  File \"<string>\", line 2, in _connection_for_bind\n  File \"/opt/homebrew/lib/python3.14/site-packages/sqlalchemy/orm/state_changes.py\", line 137, in _go\n    ret_value = fn(self, *arg, **kw)\n  File \"/opt/homebrew/lib/python3.14/site-packages/sqlalchemy/orm/session.py\", line 1187, in _connection_for_bind\n    conn = bind.connect()\n  File \"/opt/homebrew/lib/python3.14/site-packages/sqlalchemy/engine/base.py\", line 3285, in connect\n    return self._connection_cls(self)\n           ~~~~~~~~~~~~~~~~~~~~^^^^^^\n  File \"/opt/homebrew/lib/python3.14/site-packages/sqlalchemy/engine/base.py\", line 145, in __init__\n    Connection._handle_dbapi_exception_noconnection(\n    ~~~~~~~~~~~~~~~~~~~~~~~~~~~~~~~~~~~~~~~~~~~~~~~^\n        err, dialect, engine\n        ^^^^^^^^^^^^^^^^^^^^\n    )\n    ^\n  File \"/opt/homebrew/lib/python3.14/site-packages/sqlalchemy/engine/base.py\", line 2448, in _handle_dbapi_exception_noconnection\n    raise sqlalchemy_exception.with_traceback(exc_info[2]) from e\n  File \"/opt/homebrew/lib/python3.14/site-packages/sqlalchemy/engine/base.py\", line 143, in __init__\n    self._dbapi_connection = engine.raw_connection()\n                             ~~~~~~~~~~~~~~~~~~~~~^^\n  File \"/opt/homebrew/lib/python3.14/site-packages/sqlalchemy/engine/base.py\", line 3309, in raw_connection\n    return self.pool.connect()\n           ~~~~~~~~~~~~~~~~~^^\n  File \"/opt/homebrew/lib/python3.14/site-packages/sqlalchemy/pool/base.py\", line 447, in connect\n    return _ConnectionFairy._checkout(self)\n           ~~~~~~~~~~~~~~~~~~~~~~~~~~^^^^^^\n  File \"/opt/homebrew/lib/python3.14/site-packages/sqlalchemy/pool/base.py\", line 1264, in _checkout\n    fairy = _ConnectionRecord.checkout(pool)\n  File \"/opt/homebrew/lib/python3.14/site-packages/sqlalchemy/pool/base.py\", line 711, in checkout\n    rec = pool._do_get()\n  File \"/opt/homebrew/lib/python3.14/site-packages/sqlalchemy/pool/impl.py\", line 177, in _do_get\n    with util.safe_reraise():\n         ~~~~~~~~~~~~~~~~~^^\n  File \"/opt/homebrew/lib/python3.14/site-packages/sqlalchemy/util/langhelpers.py\", line 224, in __exit__\n    raise exc_value.with_traceback(exc_tb)\n  File \"/opt/homebrew/lib/python3.14/site-packages/sqlalchemy/pool/impl.py\", line 175, in _do_get\n    return self._create_connection()\n           ~~~~~~~~~~~~~~~~~~~~~~~^^\n  File \"/opt/homebrew/lib/python3.14/site-packages/sqlalchemy/pool/base.py\", line 388, in _create_connection\n    return _ConnectionRecord(self)\n  File \"/opt/homebrew/lib/python3.14/site-packages/sqlalchemy/pool/base.py\", line 673, in __init__\n    self.__connect()\n    ~~~~~~~~~~~~~~^^\n  File \"/opt/homebrew/lib/python3.14/site-packages/sqlalchemy/pool/base.py\", line 899, in __connect\n    with util.safe_reraise():\n         ~~~~~~~~~~~~~~~~~^^\n  File \"/opt/homebrew/lib/python3.14/site-packages/sqlalchemy/util/langhelpers.py\", line 224, in __exit__\n    raise exc_value.with_traceback(exc_tb)\n  File \"/opt/homebrew/lib/python3.14/site-packages/sqlalchemy/pool/base.py\", line 895, in __connect\n    self.dbapi_connection = connection = pool._invoke_creator(self)\n                                         ~~~~~~~~~~~~~~~~~~~~^^^^^^\n  File \"/opt/homebrew/lib/python3.14/site-packages/sqlalchemy/engine/create.py\", line 661, in connect\n    return dialect.connect(*cargs, **cparams)\n           ~~~~~~~~~~~~~~~^^^^^^^^^^^^^^^^^^^\n  File \"/opt/homebrew/lib/python3.14/site-packages/sqlalchemy/engine/default.py\", line 630, in connect\n    return self.loaded_dbapi.connect(*cargs, **cparams)  # type: ignore[no-any-return]  # NOQA: E501\n           ~~~~~~~~~~~~~~~~~~~~~~~~~^^^^^^^^^^^^^^^^^^^\n  File \"/opt/homebrew/lib/python3.14/site-packages/psycopg2/__init__.py\", line 122, in connect\n    conn = _connect(dsn, connection_factory=connection_factory, **kwasync)\nsqlalchemy.exc.OperationalError: (psycopg2.OperationalError) connection to server at \"127.0.0.1\", port 5433 failed: Connection refused\n\tIs the server running on that host and accepting TCP/IP connections?\n\n(Background on this error at: https://sqlalche.me/e/20/e3q8)"}
{"timestamp": "2026-02-21T22:42:50.942326Z", "level": "ERROR", "logger": "error_logger", "message": "Exception captured: OperationalError: (psycopg2.OperationalError) connection to server at \"127.0.0.1\", port 5433 failed: Connection refused\n\tIs the server running on that host and accepting TCP/IP connections?\n\n(Background on this error at: https://sqlalche.me/e/20/e3q8)", "request_id": "43fb599f", "user_id": "", "module": "error_logger", "function": "capture_exception", "line": 215, "exception": "Traceback (most recent call last):\n  File \"/opt/homebrew/lib/python3.14/site-packages/sqlalchemy/engine/base.py\", line 143, in __init__\n    self._dbapi_connection = engine.raw_connection()\n                             ~~~~~~~~~~~~~~~~~~~~~^^\n  File \"/opt/homebrew/lib/python3.14/site-packages/sqlalchemy/engine/base.py\", line 3309, in raw_connection\n    return self.pool.connect()\n           ~~~~~~~~~~~~~~~~~^^\n  File \"/opt/homebrew/lib/python3.14/site-packages/sqlalchemy/pool/base.py\", line 447, in connect\n    return _ConnectionFairy._checkout(self)\n           ~~~~~~~~~~~~~~~~~~~~~~~~~~^^^^^^\n  File \"/opt/homebrew/lib/python3.14/site-packages/sqlalchemy/pool/base.py\", line 1264, in _checkout\n    fairy = _ConnectionRecord.checkout(pool)\n  File \"/opt/homebrew/lib/python3.14/site-packages/sqlalchemy/pool/base.py\", line 711, in checkout\n    rec = pool._do_get()\n  File \"/opt/homebrew/lib/python3.14/site-packages/sqlalchemy/pool/impl.py\", line 177, in _do_get\n    with util.safe_reraise():\n         ~~~~~~~~~~~~~~~~~^^\n  File \"/opt/homebrew/lib/python3.14/site-packages/sqlalchemy/util/langhelpers.py\", line 224, in __exit__\n    raise exc_value.with_traceback(exc_tb)\n  File \"/opt/homebrew/lib/python3.14/site-packages/sqlalchemy/pool/impl.py\", line 175, in _do_get\n    return self._create_connection()\n           ~~~~~~~~~~~~~~~~~~~~~~~^^\n  File \"/opt/homebrew/lib/python3.14/site-packages/sqlalchemy/pool/base.py\", line 388, in _create_connection\n    return _ConnectionRecord(self)\n  File \"/opt/homebrew/lib/python3.14/site-packages/sqlalchemy/pool/base.py\", line 673, in __init__\n    self.__connect()\n    ~~~~~~~~~~~~~~^^\n  File \"/opt/homebrew/lib/python3.14/site-packages/sqlalchemy/pool/base.py\", line 899, in __connect\n    with util.safe_reraise():\n         ~~~~~~~~~~~~~~~~~^^\n  File \"/opt/homebrew/lib/python3.14/site-packages/sqlalchemy/util/langhelpers.py\", line 224, in __exit__\n    raise exc_value.with_traceback(exc_tb)\n  File \"/opt/homebrew/lib/python3.14/site-packages/sqlalchemy/pool/base.py\", line 895, in __connect\n    self.dbapi_connection = connection = pool._invoke_creator(self)\n                                         ~~~~~~~~~~~~~~~~~~~~^^^^^^\n  File \"/opt/homebrew/lib/python3.14/site-packages/sqlalchemy/engine/create.py\", line 661, in connect\n    return dialect.connect(*cargs, **cparams)\n           ~~~~~~~~~~~~~~~^^^^^^^^^^^^^^^^^^^\n  File \"/opt/homebrew/lib/python3.14/site-packages/sqlalchemy/engine/default.py\", line 630, in connect\n    return self.loaded_dbapi.connect(*cargs, **cparams)  # type: ignore[no-any-return]  # NOQA: E501\n           ~~~~~~~~~~~~~~~~~~~~~~~~~^^^^^^^^^^^^^^^^^^^\n  File \"/opt/homebrew/lib/python3.14/site-packages/psycopg2/__init__.py\", line 122, in connect\n    conn = _connect(dsn, connection_factory=connection_factory, **kwasync)\npsycopg2.OperationalError: connection to server at \"127.0.0.1\", port 5433 failed: Connection refused\n\tIs the server running on that host and accepting TCP/IP connections?\n\n\nThe above exception was the direct cause of the following exception:\n\nTraceback (most recent call last):\n  File \"/opt/homebrew/lib/python3.14/site-packages/starlette/middleware/errors.py\", line 164, in __call__\n    await self.app(scope, receive, _send)\n  File \"/opt/homebrew/lib/python3.14/site-packages/starlette/middleware/base.py\", line 191, in __call__\n    with recv_stream, send_stream, collapse_excgroups():\n                                   ~~~~~~~~~~~~~~~~~~^^\n  File \"/opt/homebrew/Cellar/python@3.14/3.14.2_1/Frameworks/Python.framework/Versions/3.14/lib/python3.14/contextlib.py\", line 162, in __exit__\n    self.gen.throw(value)\n    ~~~~~~~~~~~~~~^^^^^^^\n  File \"/opt/homebrew/lib/python3.14/site-packages/starlette/_utils.py\", line 87, in collapse_excgroups\n    raise exc\n  File \"/opt/homebrew/lib/python3.14/site-packages/starlette/middleware/base.py\", line 193, in __call__\n    response = await self.dispatch_func(request, call_next)\n               ^^^^^^^^^^^^^^^^^^^^^^^^^^^^^^^^^^^^^^^^^^^^\n  File \"/Users/martin/ab/backend/main.py\", line 895, in request_id_middleware\n    response = await call_next(request)\n               ^^^^^^^^^^^^^^^^^^^^^^^^\n  File \"/opt/homebrew/lib/python3.14/site-packages/starlette/middleware/base.py\", line 168, in call_next\n    raise app_exc from app_exc.__cause__ or app_exc.__context__\n  File \"/opt/homebrew/lib/python3.14/site-packages/starlette/middleware/base.py\", line 144, in coro\n    await self.app(scope, receive_or_disconnect, send_no_error)\n  File \"/opt/homebrew/lib/python3.14/site-packages/starlette/middleware/cors.py\", line 87, in __call__\n    await self.app(scope, receive, send)\n  File \"/opt/homebrew/lib/python3.14/site-packages/starlette/middleware/exceptions.py\", line 63, in __call__\n    await wrap_app_handling_exceptions(self.app, conn)(scope, receive, send)\n  File \"/opt/homebrew/lib/python3.14/site-packages/starlette/_exception_handler.py\", line 53, in wrapped_app\n    raise exc\n  File \"/opt/homebrew/lib/python3.14/site-packages/starlette/_exception_handler.py\", line 42, in wrapped_app\n    await app(scope, receive, sender)\n  File \"/opt/homebrew/lib/python3.14/site-packages/fastapi/middleware/asyncexitstack.py\", line 18, in __call__\n    await self.app(scope, receive, send)\n  File \"/opt/homebrew/lib/python3.14/site-packages/starlette/routing.py\", line 716, in __call__\n    await self.middleware_stack(scope, receive, send)\n  File \"/opt/homebrew/lib/python3.14/site-packages/starlette/routing.py\", line 736, in app\n    await route.handle(scope, receive, send)\n  File \"/opt/homebrew/lib/python3.14/site-packages/starlette/routing.py\", line 290, in handle\n    await self.app(scope, receive, send)\n  File \"/opt/homebrew/lib/python3.14/site-packages/fastapi/routing.py\", line 119, in app\n    await wrap_app_handling_exceptions(app, request)(scope, receive, send)\n  File \"/opt/homebrew/lib/python3.14/site-packages/starlette/_exception_handler.py\", line 53, in wrapped_app\n    raise exc\n  File \"/opt/homebrew/lib/python3.14/site-packages/starlette/_exception_handler.py\", line 42, in wrapped_app\n    await app(scope, receive, sender)\n  File \"/opt/homebrew/lib/python3.14/site-packages/fastapi/routing.py\", line 105, in app\n    response = await f(request)\n               ^^^^^^^^^^^^^^^^\n  File \"/opt/homebrew/lib/python3.14/site-packages/fastapi/routing.py\", line 424, in app\n    raw_response = await run_endpoint_function(\n                   ^^^^^^^^^^^^^^^^^^^^^^^^^^^^\n    ...<3 lines>...\n    )\n    ^\n  File \"/opt/homebrew/lib/python3.14/site-packages/fastapi/routing.py\", line 314, in run_endpoint_function\n    return await run_in_threadpool(dependant.call, **values)\n           ^^^^^^^^^^^^^^^^^^^^^^^^^^^^^^^^^^^^^^^^^^^^^^^^^\n  File \"/opt/homebrew/lib/python3.14/site-packages/starlette/concurrency.py\", line 32, in run_in_threadpool\n    return await anyio.to_thread.run_sync(func)\n           ^^^^^^^^^^^^^^^^^^^^^^^^^^^^^^^^^^^^\n  File \"/opt/homebrew/lib/python3.14/site-packages/anyio/to_thread.py\", line 63, in run_sync\n    return await get_async_backend().run_sync_in_worker_thread(\n           ^^^^^^^^^^^^^^^^^^^^^^^^^^^^^^^^^^^^^^^^^^^^^^^^^^^^\n        func, args, abandon_on_cancel=abandon_on_cancel, limiter=limiter\n        ^^^^^^^^^^^^^^^^^^^^^^^^^^^^^^^^^^^^^^^^^^^^^^^^^^^^^^^^^^^^^^^^\n    )\n    ^\n  File \"/opt/homebrew/lib/python3.14/site-packages/anyio/_backends/_asyncio.py\", line 2502, in run_sync_in_worker_thread\n    return await future\n           ^^^^^^^^^^^^\n  File \"/opt/homebrew/lib/python3.14/site-packages/anyio/_backends/_asyncio.py\", line 986, in run\n    result = context.run(func, *args)\n  File \"/opt/homebrew/lib/python3.14/site-packages/slowapi/extension.py\", line 766, in sync_wrapper\n    response = func(*args, **kwargs)\n  File \"/Users/martin/ab/backend/main.py\", line 2018, in register\n    settings_row = db.query(models.SystemSettings).first()\n  File \"/opt/homebrew/lib/python3.14/site-packages/sqlalchemy/orm/query.py\", line 2759, in first\n    return self.limit(1)._iter().first()  # type: ignore\n           ~~~~~~~~~~~~~~~~~~~^^\n  File \"/opt/homebrew/lib/python3.14/site-packages/sqlalchemy/orm/query.py\", line 2857, in _iter\n    result: Union[ScalarResult[_T], Result[_T]] = self.session.execute(\n                                                  ~~~~~~~~~~~~~~~~~~~~^\n        statement,\n        ^^^^^^^^^^\n        params,\n        ^^^^^^^\n        execution_options={\"_sa_orm_load_options\": self.load_options},\n        ^^^^^^^^^^^^^^^^^^^^^^^^^^^^^^^^^^^^^^^^^^^^^^^^^^^^^^^^^^^^^^\n    )\n    ^\n  File \"/opt/homebrew/lib/python3.14/site-packages/sqlalchemy/orm/session.py\", line 2351, in execute\n    return self._execute_internal(\n           ~~~~~~~~~~~~~~~~~~~~~~^\n        statement,\n        ^^^^^^^^^^\n    ...<4 lines>...\n        _add_event=_add_event,\n        ^^^^^^^^^^^^^^^^^^^^^^\n    )\n    ^\n  File \"/opt/homebrew/lib/python3.14/site-packages/sqlalchemy/orm/session.py\", line 2239, in _execute_internal\n    conn = self._connection_for_bind(bind)\n  File \"/opt/homebrew/lib/python3.14/site-packages/sqlalchemy/orm/session.py\", line 2108, in _connection_for_bind\n    return trans._connection_for_bind(engine, execution_options)\n           ~~~~~~~~~~~~~~~~~~~~~~~~~~^^^^^^^^^^^^^^^^^^^^^^^^^^^\n  File \"<string>\", line 2, in _connection_for_bind\n  File \"/opt/homebrew/lib/python3.14/site-packages/sqlalchemy/orm/state_changes.py\", line 137, in _go\n    ret_value = fn(self, *arg, **kw)\n  File \"/opt/homebrew/lib/python3.14/site-packages/sqlalchemy/orm/session.py\", line 1187, in _connection_for_bind\n    conn = bind.connect()\n  File \"/opt/homebrew/lib/python3.14/site-packages/sqlalchemy/engine/base.py\", line 3285, in connect\n    return self._connection_cls(self)\n           ~~~~~~~~~~~~~~~~~~~~^^^^^^\n  File \"/opt/homebrew/lib/python3.14/site-packages/sqlalchemy/engine/base.py\", line 145, in __init__\n    Connection._handle_dbapi_exception_noconnection(\n    ~~~~~~~~~~~~~~~~~~~~~~~~~~~~~~~~~~~~~~~~~~~~~~~^\n        err, dialect, engine\n        ^^^^^^^^^^^^^^^^^^^^\n    )\n    ^\n  File \"/opt/homebrew/lib/python3.14/site-packages/sqlalchemy/engine/base.py\", line 2448, in _handle_dbapi_exception_noconnection\n    raise sqlalchemy_exception.with_traceback(exc_info[2]) from e\n  File \"/opt/homebrew/lib/python3.14/site-packages/sqlalchemy/engine/base.py\", line 143, in __init__\n    self._dbapi_connection = engine.raw_connection()\n                             ~~~~~~~~~~~~~~~~~~~~~^^\n  File \"/opt/homebrew/lib/python3.14/site-packages/sqlalchemy/engine/base.py\", line 3309, in raw_connection\n    return self.pool.connect()\n           ~~~~~~~~~~~~~~~~~^^\n  File \"/opt/homebrew/lib/python3.14/site-packages/sqlalchemy/pool/base.py\", line 447, in connect\n    return _ConnectionFairy._checkout(self)\n           ~~~~~~~~~~~~~~~~~~~~~~~~~~^^^^^^\n  File \"/opt/homebrew/lib/python3.14/site-packages/sqlalchemy/pool/base.py\", line 1264, in _checkout\n    fairy = _ConnectionRecord.checkout(pool)\n  File \"/opt/homebrew/lib/python3.14/site-packages/sqlalchemy/pool/base.py\", line 711, in checkout\n    rec = pool._do_get()\n  File \"/opt/homebrew/lib/python3.14/site-packages/sqlalchemy/pool/impl.py\", line 177, in _do_get\n    with util.safe_reraise():\n         ~~~~~~~~~~~~~~~~~^^\n  File \"/opt/homebrew/lib/python3.14/site-packages/sqlalchemy/util/langhelpers.py\", line 224, in __exit__\n    raise exc_value.with_traceback(exc_tb)\n  File \"/opt/homebrew/lib/python3.14/site-packages/sqlalchemy/pool/impl.py\", line 175, in _do_get\n    return self._create_connection()\n           ~~~~~~~~~~~~~~~~~~~~~~~^^\n  File \"/opt/homebrew/lib/python3.14/site-packages/sqlalchemy/pool/base.py\", line 388, in _create_connection\n    return _ConnectionRecord(self)\n  File \"/opt/homebrew/lib/python3.14/site-packages/sqlalchemy/pool/base.py\", line 673, in __init__\n    self.__connect()\n    ~~~~~~~~~~~~~~^^\n  File \"/opt/homebrew/lib/python3.14/site-packages/sqlalchemy/pool/base.py\", line 899, in __connect\n    with util.safe_reraise():\n         ~~~~~~~~~~~~~~~~~^^\n  File \"/opt/homebrew/lib/python3.14/site-packages/sqlalchemy/util/langhelpers.py\", line 224, in __exit__\n    raise exc_value.with_traceback(exc_tb)\n  File \"/opt/homebrew/lib/python3.14/site-packages/sqlalchemy/pool/base.py\", line 895, in __connect\n    self.dbapi_connection = connection = pool._invoke_creator(self)\n                                         ~~~~~~~~~~~~~~~~~~~~^^^^^^\n  File \"/opt/homebrew/lib/python3.14/site-packages/sqlalchemy/engine/create.py\", line 661, in connect\n    return dialect.connect(*cargs, **cparams)\n           ~~~~~~~~~~~~~~~^^^^^^^^^^^^^^^^^^^\n  File \"/opt/homebrew/lib/python3.14/site-packages/sqlalchemy/engine/default.py\", line 630, in connect\n    return self.loaded_dbapi.connect(*cargs, **cparams)  # type: ignore[no-any-return]  # NOQA: E501\n           ~~~~~~~~~~~~~~~~~~~~~~~~~^^^^^^^^^^^^^^^^^^^\n  File \"/opt/homebrew/lib/python3.14/site-packages/psycopg2/__init__.py\", line 122, in connect\n    conn = _connect(dsn, connection_factory=connection_factory, **kwasync)\nsqlalchemy.exc.OperationalError: (psycopg2.OperationalError) connection to server at \"127.0.0.1\", port 5433 failed: Connection refused\n\tIs the server running on that host and accepting TCP/IP connections?\n\n(Background on this error at: https://sqlalche.me/e/20/e3q8)"}
{"timestamp": "2026-02-21T22:44:13.554992Z", "level": "ERROR", "logger": "main", "message": "Unhandled exception on POST /auth/token: OperationalError: (psycopg2.OperationalError) connection to server at \"127.0.0.1\", port 5433 failed: Connection refused\n\tIs the server running on that host and accepting TCP/IP connections?\n\n(Background on this error at: https://sqlalche.me/e/20/e3q8)", "request_id": "444ce5af", "user_id": "", "module": "main", "function": "global_exception_handler", "line": 939, "exception": "Traceback (most recent call last):\n  File \"/opt/homebrew/lib/python3.14/site-packages/sqlalchemy/engine/base.py\", line 143, in __init__\n    self._dbapi_connection = engine.raw_connection()\n                             ~~~~~~~~~~~~~~~~~~~~~^^\n  File \"/opt/homebrew/lib/python3.14/site-packages/sqlalchemy/engine/base.py\", line 3309, in raw_connection\n    return self.pool.connect()\n           ~~~~~~~~~~~~~~~~~^^\n  File \"/opt/homebrew/lib/python3.14/site-packages/sqlalchemy/pool/base.py\", line 447, in connect\n    return _ConnectionFairy._checkout(self)\n           ~~~~~~~~~~~~~~~~~~~~~~~~~~^^^^^^\n  File \"/opt/homebrew/lib/python3.14/site-packages/sqlalchemy/pool/base.py\", line 1264, in _checkout\n    fairy = _ConnectionRecord.checkout(pool)\n  File \"/opt/homebrew/lib/python3.14/site-packages/sqlalchemy/pool/base.py\", line 711, in checkout\n    rec = pool._do_get()\n  File \"/opt/homebrew/lib/python3.14/site-packages/sqlalchemy/pool/impl.py\", line 177, in _do_get\n    with util.safe_reraise():\n         ~~~~~~~~~~~~~~~~~^^\n  File \"/opt/homebrew/lib/python3.14/site-packages/sqlalchemy/util/langhelpers.py\", line 224, in __exit__\n    raise exc_value.with_traceback(exc_tb)\n  File \"/opt/homebrew/lib/python3.14/site-packages/sqlalchemy/pool/impl.py\", line 175, in _do_get\n    return self._create_connection()\n           ~~~~~~~~~~~~~~~~~~~~~~~^^\n  File \"/opt/homebrew/lib/python3.14/site-packages/sqlalchemy/pool/base.py\", line 388, in _create_connection\n    return _ConnectionRecord(self)\n  File \"/opt/homebrew/lib/python3.14/site-packages/sqlalchemy/pool/base.py\", line 673, in __init__\n    self.__connect()\n    ~~~~~~~~~~~~~~^^\n  File \"/opt/homebrew/lib/python3.14/site-packages/sqlalchemy/pool/base.py\", line 899, in __connect\n    with util.safe_reraise():\n         ~~~~~~~~~~~~~~~~~^^\n  File \"/opt/homebrew/lib/python3.14/site-packages/sqlalchemy/util/langhelpers.py\", line 224, in __exit__\n    raise exc_value.with_traceback(exc_tb)\n  File \"/opt/homebrew/lib/python3.14/site-packages/sqlalchemy/pool/base.py\", line 895, in __connect\n    self.dbapi_connection = connection = pool._invoke_creator(self)\n                                         ~~~~~~~~~~~~~~~~~~~~^^^^^^\n  File \"/opt/homebrew/lib/python3.14/site-packages/sqlalchemy/engine/create.py\", line 661, in connect\n    return dialect.connect(*cargs, **cparams)\n           ~~~~~~~~~~~~~~~^^^^^^^^^^^^^^^^^^^\n  File \"/opt/homebrew/lib/python3.14/site-packages/sqlalchemy/engine/default.py\", line 630, in connect\n    return self.loaded_dbapi.connect(*cargs, **cparams)  # type: ignore[no-any-return]  # NOQA: E501\n           ~~~~~~~~~~~~~~~~~~~~~~~~~^^^^^^^^^^^^^^^^^^^\n  File \"/opt/homebrew/lib/python3.14/site-packages/psycopg2/__init__.py\", line 122, in connect\n    conn = _connect(dsn, connection_factory=connection_factory, **kwasync)\npsycopg2.OperationalError: connection to server at \"127.0.0.1\", port 5433 failed: Connection refused\n\tIs the server running on that host and accepting TCP/IP connections?\n\n\nThe above exception was the direct cause of the following exception:\n\nTraceback (most recent call last):\n  File \"/opt/homebrew/lib/python3.14/site-packages/starlette/middleware/errors.py\", line 164, in __call__\n    await self.app(scope, receive, _send)\n  File \"/opt/homebrew/lib/python3.14/site-packages/starlette/middleware/base.py\", line 191, in __call__\n    with recv_stream, send_stream, collapse_excgroups():\n                                   ~~~~~~~~~~~~~~~~~~^^\n  File \"/opt/homebrew/Cellar/python@3.14/3.14.2_1/Frameworks/Python.framework/Versions/3.14/lib/python3.14/contextlib.py\", line 162, in __exit__\n    self.gen.throw(value)\n    ~~~~~~~~~~~~~~^^^^^^^\n  File \"/opt/homebrew/lib/python3.14/site-packages/starlette/_utils.py\", line 87, in collapse_excgroups\n    raise exc\n  File \"/opt/homebrew/lib/python3.14/site-packages/starlette/middleware/base.py\", line 193, in __call__\n    response = await self.dispatch_func(request, call_next)\n               ^^^^^^^^^^^^^^^^^^^^^^^^^^^^^^^^^^^^^^^^^^^^\n  File \"/Users/martin/ab/backend/main.py\", line 895, in request_id_middleware\n    response = await call_next(request)\n               ^^^^^^^^^^^^^^^^^^^^^^^^\n  File \"/opt/homebrew/lib/python3.14/site-packages/starlette/middleware/base.py\", line 168, in call_next\n    raise app_exc from app_exc.__cause__ or app_exc.__context__\n  File \"/opt/homebrew/lib/python3.14/site-packages/starlette/middleware/base.py\", line 144, in coro\n    await self.app(scope, receive_or_disconnect, send_no_error)\n  File \"/opt/homebrew/lib/python3.14/site-packages/starlette/middleware/cors.py\", line 95, in __call__\n    await self.simple_response(scope, receive, send, request_headers=headers)\n  File \"/opt/homebrew/lib/python3.14/site-packages/starlette/middleware/cors.py\", line 153, in simple_response\n    await self.app(scope, receive, send)\n  File \"/opt/homebrew/lib/python3.14/site-packages/starlette/middleware/exceptions.py\", line 63, in __call__\n    await wrap_app_handling_exceptions(self.app, conn)(scope, receive, send)\n  File \"/opt/homebrew/lib/python3.14/site-packages/starlette/_exception_handler.py\", line 53, in wrapped_app\n    raise exc\n  File \"/opt/homebrew/lib/python3.14/site-packages/starlette/_exception_handler.py\", line 42, in wrapped_app\n    await app(scope, receive, sender)\n  File \"/opt/homebrew/lib/python3.14/site-packages/fastapi/middleware/asyncexitstack.py\", line 18, in __call__\n    await self.app(scope, receive, send)\n  File \"/opt/homebrew/lib/python3.14/site-packages/starlette/routing.py\", line 716, in __call__\n    await self.middleware_stack(scope, receive, send)\n  File \"/opt/homebrew/lib/python3.14/site-packages/starlette/routing.py\", line 736, in app\n    await route.handle(scope, receive, send)\n  File \"/opt/homebrew/lib/python3.14/site-packages/starlette/routing.py\", line 290, in handle\n    await self.app(scope, receive, send)\n  File \"/opt/homebrew/lib/python3.14/site-packages/fastapi/routing.py\", line 119, in app\n    await wrap_app_handling_exceptions(app, request)(scope, receive, send)\n  File \"/opt/homebrew/lib/python3.14/site-packages/starlette/_exception_handler.py\", line 53, in wrapped_app\n    raise exc\n  File \"/opt/homebrew/lib/python3.14/site-packages/starlette/_exception_handler.py\", line 42, in wrapped_app\n    await app(scope, receive, sender)\n  File \"/opt/homebrew/lib/python3.14/site-packages/fastapi/routing.py\", line 105, in app\n    response = await f(request)\n               ^^^^^^^^^^^^^^^^\n  File \"/opt/homebrew/lib/python3.14/site-packages/fastapi/routing.py\", line 424, in app\n    raw_response = await run_endpoint_function(\n                   ^^^^^^^^^^^^^^^^^^^^^^^^^^^^\n    ...<3 lines>...\n    )\n    ^\n  File \"/opt/homebrew/lib/python3.14/site-packages/fastapi/routing.py\", line 312, in run_endpoint_function\n    return await dependant.call(**values)\n           ^^^^^^^^^^^^^^^^^^^^^^^^^^^^^^\n  File \"/opt/homebrew/lib/python3.14/site-packages/slowapi/extension.py\", line 734, in async_wrapper\n    response = await func(*args, **kwargs)  # type: ignore\n               ^^^^^^^^^^^^^^^^^^^^^^^^^^^\n  File \"/Users/martin/ab/backend/main.py\", line 2118, in login_for_access_token\n    user = db.query(models.User).filter(models.User.email == form_data.username).first()\n  File \"/opt/homebrew/lib/python3.14/site-packages/sqlalchemy/orm/query.py\", line 2759, in first\n    return self.limit(1)._iter().first()  # type: ignore\n           ~~~~~~~~~~~~~~~~~~~^^\n  File \"/opt/homebrew/lib/python3.14/site-packages/sqlalchemy/orm/query.py\", line 2857, in _iter\n    result: Union[ScalarResult[_T], Result[_T]] = self.session.execute(\n                                                  ~~~~~~~~~~~~~~~~~~~~^\n        statement,\n        ^^^^^^^^^^\n        params,\n        ^^^^^^^\n        execution_options={\"_sa_orm_load_options\": self.load_options},\n        ^^^^^^^^^^^^^^^^^^^^^^^^^^^^^^^^^^^^^^^^^^^^^^^^^^^^^^^^^^^^^^\n    )\n    ^\n  File \"/opt/homebrew/lib/python3.14/site-packages/sqlalchemy/orm/session.py\", line 2351, in execute\n    return self._execute_internal(\n           ~~~~~~~~~~~~~~~~~~~~~~^\n        statement,\n        ^^^^^^^^^^\n    ...<4 lines>...\n        _add_event=_add_event,\n        ^^^^^^^^^^^^^^^^^^^^^^\n    )\n    ^\n  File \"/opt/homebrew/lib/python3.14/site-packages/sqlalchemy/orm/session.py\", line 2239, in _execute_internal\n    conn = self._connection_for_bind(bind)\n  File \"/opt/homebrew/lib/python3.14/site-packages/sqlalchemy/orm/session.py\", line 2108, in _connection_for_bind\n    return trans._connection_for_bind(engine, execution_options)\n           ~~~~~~~~~~~~~~~~~~~~~~~~~~^^^^^^^^^^^^^^^^^^^^^^^^^^^\n  File \"<string>\", line 2, in _connection_for_bind\n  File \"/opt/homebrew/lib/python3.14/site-packages/sqlalchemy/orm/state_changes.py\", line 137, in _go\n    ret_value = fn(self, *arg, **kw)\n  File \"/opt/homebrew/lib/python3.14/site-packages/sqlalchemy/orm/session.py\", line 1187, in _connection_for_bind\n    conn = bind.connect()\n  File \"/opt/homebrew/lib/python3.14/site-packages/sqlalchemy/engine/base.py\", line 3285, in connect\n    return self._connection_cls(self)\n           ~~~~~~~~~~~~~~~~~~~~^^^^^^\n  File \"/opt/homebrew/lib/python3.14/site-packages/sqlalchemy/engine/base.py\", line 145, in __init__\n    Connection._handle_dbapi_exception_noconnection(\n    ~~~~~~~~~~~~~~~~~~~~~~~~~~~~~~~~~~~~~~~~~~~~~~~^\n        err, dialect, engine\n        ^^^^^^^^^^^^^^^^^^^^\n    )\n    ^\n  File \"/opt/homebrew/lib/python3.14/site-packages/sqlalchemy/engine/base.py\", line 2448, in _handle_dbapi_exception_noconnection\n    raise sqlalchemy_exception.with_traceback(exc_info[2]) from e\n  File \"/opt/homebrew/lib/python3.14/site-packages/sqlalchemy/engine/base.py\", line 143, in __init__\n    self._dbapi_connection = engine.raw_connection()\n                             ~~~~~~~~~~~~~~~~~~~~~^^\n  File \"/opt/homebrew/lib/python3.14/site-packages/sqlalchemy/engine/base.py\", line 3309, in raw_connection\n    return self.pool.connect()\n           ~~~~~~~~~~~~~~~~~^^\n  File \"/opt/homebrew/lib/python3.14/site-packages/sqlalchemy/pool/base.py\", line 447, in connect\n    return _ConnectionFairy._checkout(self)\n           ~~~~~~~~~~~~~~~~~~~~~~~~~~^^^^^^\n  File \"/opt/homebrew/lib/python3.14/site-packages/sqlalchemy/pool/base.py\", line 1264, in _checkout\n    fairy = _ConnectionRecord.checkout(pool)\n  File \"/opt/homebrew/lib/python3.14/site-packages/sqlalchemy/pool/base.py\", line 711, in checkout\n    rec = pool._do_get()\n  File \"/opt/homebrew/lib/python3.14/site-packages/sqlalchemy/pool/impl.py\", line 177, in _do_get\n    with util.safe_reraise():\n         ~~~~~~~~~~~~~~~~~^^\n  File \"/opt/homebrew/lib/python3.14/site-packages/sqlalchemy/util/langhelpers.py\", line 224, in __exit__\n    raise exc_value.with_traceback(exc_tb)\n  File \"/opt/homebrew/lib/python3.14/site-packages/sqlalchemy/pool/impl.py\", line 175, in _do_get\n    return self._create_connection()\n           ~~~~~~~~~~~~~~~~~~~~~~~^^\n  File \"/opt/homebrew/lib/python3.14/site-packages/sqlalchemy/pool/base.py\", line 388, in _create_connection\n    return _ConnectionRecord(self)\n  File \"/opt/homebrew/lib/python3.14/site-packages/sqlalchemy/pool/base.py\", line 673, in __init__\n    self.__connect()\n    ~~~~~~~~~~~~~~^^\n  File \"/opt/homebrew/lib/python3.14/site-packages/sqlalchemy/pool/base.py\", line 899, in __connect\n    with util.safe_reraise():\n         ~~~~~~~~~~~~~~~~~^^\n  File \"/opt/homebrew/lib/python3.14/site-packages/sqlalchemy/util/langhelpers.py\", line 224, in __exit__\n    raise exc_value.with_traceback(exc_tb)\n  File \"/opt/homebrew/lib/python3.14/site-packages/sqlalchemy/pool/base.py\", line 895, in __connect\n    self.dbapi_connection = connection = pool._invoke_creator(self)\n                                         ~~~~~~~~~~~~~~~~~~~~^^^^^^\n  File \"/opt/homebrew/lib/python3.14/site-packages/sqlalchemy/engine/create.py\", line 661, in connect\n    return dialect.connect(*cargs, **cparams)\n           ~~~~~~~~~~~~~~~^^^^^^^^^^^^^^^^^^^\n  File \"/opt/homebrew/lib/python3.14/site-packages/sqlalchemy/engine/default.py\", line 630, in connect\n    return self.loaded_dbapi.connect(*cargs, **cparams)  # type: ignore[no-any-return]  # NOQA: E501\n           ~~~~~~~~~~~~~~~~~~~~~~~~~^^^^^^^^^^^^^^^^^^^\n  File \"/opt/homebrew/lib/python3.14/site-packages/psycopg2/__init__.py\", line 122, in connect\n    conn = _connect(dsn, connection_factory=connection_factory, **kwasync)\nsqlalchemy.exc.OperationalError: (psycopg2.OperationalError) connection to server at \"127.0.0.1\", port 5433 failed: Connection refused\n\tIs the server running on that host and accepting TCP/IP connections?\n\n(Background on this error at: https://sqlalche.me/e/20/e3q8)"}
{"timestamp": "2026-02-21T22:44:13.566421Z", "level": "ERROR", "logger": "error_logger", "message": "Exception captured: OperationalError: (psycopg2.OperationalError) connection to server at \"127.0.0.1\", port 5433 failed: Connection refused\n\tIs the server running on that host and accepting TCP/IP connections?\n\n(Background on this error at: https://sqlalche.me/e/20/e3q8)", "request_id": "444ce5af", "user_id": "", "module": "error_logger", "function": "capture_exception", "line": 215, "exception": "Traceback (most recent call last):\n  File \"/opt/homebrew/lib/python3.14/site-packages/sqlalchemy/engine/base.py\", line 143, in __init__\n    self._dbapi_connection = engine.raw_connection()\n                             ~~~~~~~~~~~~~~~~~~~~~^^\n  File \"/opt/homebrew/lib/python3.14/site-packages/sqlalchemy/engine/base.py\", line 3309, in raw_connection\n    return self.pool.connect()\n           ~~~~~~~~~~~~~~~~~^^\n  File \"/opt/homebrew/lib/python3.14/site-packages/sqlalchemy/pool/base.py\", line 447, in connect\n    return _ConnectionFairy._checkout(self)\n           ~~~~~~~~~~~~~~~~~~~~~~~~~~^^^^^^\n  File \"/opt/homebrew/lib/python3.14/site-packages/sqlalchemy/pool/base.py\", line 1264, in _checkout\n    fairy = _ConnectionRecord.checkout(pool)\n  File \"/opt/homebrew/lib/python3.14/site-packages/sqlalchemy/pool/base.py\", line 711, in checkout\n    rec = pool._do_get()\n  File \"/opt/homebrew/lib/python3.14/site-packages/sqlalchemy/pool/impl.py\", line 177, in _do_get\n    with util.safe_reraise():\n         ~~~~~~~~~~~~~~~~~^^\n  File \"/opt/homebrew/lib/python3.14/site-packages/sqlalchemy/util/langhelpers.py\", line 224, in __exit__\n    raise exc_value.with_traceback(exc_tb)\n  File \"/opt/homebrew/lib/python3.14/site-packages/sqlalchemy/pool/impl.py\", line 175, in _do_get\n    return self._create_connection()\n           ~~~~~~~~~~~~~~~~~~~~~~~^^\n  File \"/opt/homebrew/lib/python3.14/site-packages/sqlalchemy/pool/base.py\", line 388, in _create_connection\n    return _ConnectionRecord(self)\n  File \"/opt/homebrew/lib/python3.14/site-packages/sqlalchemy/pool/base.py\", line 673, in __init__\n    self.__connect()\n    ~~~~~~~~~~~~~~^^\n  File \"/opt/homebrew/lib/python3.14/site-packages/sqlalchemy/pool/base.py\", line 899, in __connect\n    with util.safe_reraise():\n         ~~~~~~~~~~~~~~~~~^^\n  File \"/opt/homebrew/lib/python3.14/site-packages/sqlalchemy/util/langhelpers.py\", line 224, in __exit__\n    raise exc_value.with_traceback(exc_tb)\n  File \"/opt/homebrew/lib/python3.14/site-packages/sqlalchemy/pool/base.py\", line 895, in __connect\n    self.dbapi_connection = connection = pool._invoke_creator(self)\n                                         ~~~~~~~~~~~~~~~~~~~~^^^^^^\n  File \"/opt/homebrew/lib/python3.14/site-packages/sqlalchemy/engine/create.py\", line 661, in connect\n    return dialect.connect(*cargs, **cparams)\n           ~~~~~~~~~~~~~~~^^^^^^^^^^^^^^^^^^^\n  File \"/opt/homebrew/lib/python3.14/site-packages/sqlalchemy/engine/default.py\", line 630, in connect\n    return self.loaded_dbapi.connect(*cargs, **cparams)  # type: ignore[no-any-return]  # NOQA: E501\n           ~~~~~~~~~~~~~~~~~~~~~~~~~^^^^^^^^^^^^^^^^^^^\n  File \"/opt/homebrew/lib/python3.14/site-packages/psycopg2/__init__.py\", line 122, in connect\n    conn = _connect(dsn, connection_factory=connection_factory, **kwasync)\npsycopg2.OperationalError: connection to server at \"127.0.0.1\", port 5433 failed: Connection refused\n\tIs the server running on that host and accepting TCP/IP connections?\n\n\nThe above exception was the direct cause of the following exception:\n\nTraceback (most recent call last):\n  File \"/opt/homebrew/lib/python3.14/site-packages/starlette/middleware/errors.py\", line 164, in __call__\n    await self.app(scope, receive, _send)\n  File \"/opt/homebrew/lib/python3.14/site-packages/starlette/middleware/base.py\", line 191, in __call__\n    with recv_stream, send_stream, collapse_excgroups():\n                                   ~~~~~~~~~~~~~~~~~~^^\n  File \"/opt/homebrew/Cellar/python@3.14/3.14.2_1/Frameworks/Python.framework/Versions/3.14/lib/python3.14/contextlib.py\", line 162, in __exit__\n    self.gen.throw(value)\n    ~~~~~~~~~~~~~~^^^^^^^\n  File \"/opt/homebrew/lib/python3.14/site-packages/starlette/_utils.py\", line 87, in collapse_excgroups\n    raise exc\n  File \"/opt/homebrew/lib/python3.14/site-packages/starlette/middleware/base.py\", line 193, in __call__\n    response = await self.dispatch_func(request, call_next)\n               ^^^^^^^^^^^^^^^^^^^^^^^^^^^^^^^^^^^^^^^^^^^^\n  File \"/Users/martin/ab/backend/main.py\", line 895, in request_id_middleware\n    response = await call_next(request)\n               ^^^^^^^^^^^^^^^^^^^^^^^^\n  File \"/opt/homebrew/lib/python3.14/site-packages/starlette/middleware/base.py\", line 168, in call_next\n    raise app_exc from app_exc.__cause__ or app_exc.__context__\n  File \"/opt/homebrew/lib/python3.14/site-packages/starlette/middleware/base.py\", line 144, in coro\n    await self.app(scope, receive_or_disconnect, send_no_error)\n  File \"/opt/homebrew/lib/python3.14/site-packages/starlette/middleware/cors.py\", line 95, in __call__\n    await self.simple_response(scope, receive, send, request_headers=headers)\n  File \"/opt/homebrew/lib/python3.14/site-packages/starlette/middleware/cors.py\", line 153, in simple_response\n    await self.app(scope, receive, send)\n  File \"/opt/homebrew/lib/python3.14/site-packages/starlette/middleware/exceptions.py\", line 63, in __call__\n    await wrap_app_handling_exceptions(self.app, conn)(scope, receive, send)\n  File \"/opt/homebrew/lib/python3.14/site-packages/starlette/_exception_handler.py\", line 53, in wrapped_app\n    raise exc\n  File \"/opt/homebrew/lib/python3.14/site-packages/starlette/_exception_handler.py\", line 42, in wrapped_app\n    await app(scope, receive, sender)\n  File \"/opt/homebrew/lib/python3.14/site-packages/fastapi/middleware/asyncexitstack.py\", line 18, in __call__\n    await self.app(scope, receive, send)\n  File \"/opt/homebrew/lib/python3.14/site-packages/starlette/routing.py\", line 716, in __call__\n    await self.middleware_stack(scope, receive, send)\n  File \"/opt/homebrew/lib/python3.14/site-packages/starlette/routing.py\", line 736, in app\n    await route.handle(scope, receive, send)\n  File \"/opt/homebrew/lib/python3.14/site-packages/starlette/routing.py\", line 290, in handle\n    await self.app(scope, receive, send)\n  File \"/opt/homebrew/lib/python3.14/site-packages/fastapi/routing.py\", line 119, in app\n    await wrap_app_handling_exceptions(app, request)(scope, receive, send)\n  File \"/opt/homebrew/lib/python3.14/site-packages/starlette/_exception_handler.py\", line 53, in wrapped_app\n    raise exc\n  File \"/opt/homebrew/lib/python3.14/site-packages/starlette/_exception_handler.py\", line 42, in wrapped_app\n    await app(scope, receive, sender)\n  File \"/opt/homebrew/lib/python3.14/site-packages/fastapi/routing.py\", line 105, in app\n    response = await f(request)\n               ^^^^^^^^^^^^^^^^\n  File \"/opt/homebrew/lib/python3.14/site-packages/fastapi/routing.py\", line 424, in app\n    raw_response = await run_endpoint_function(\n                   ^^^^^^^^^^^^^^^^^^^^^^^^^^^^\n    ...<3 lines>...\n    )\n    ^\n  File \"/opt/homebrew/lib/python3.14/site-packages/fastapi/routing.py\", line 312, in run_endpoint_function\n    return await dependant.call(**values)\n           ^^^^^^^^^^^^^^^^^^^^^^^^^^^^^^\n  File \"/opt/homebrew/lib/python3.14/site-packages/slowapi/extension.py\", line 734, in async_wrapper\n    response = await func(*args, **kwargs)  # type: ignore\n               ^^^^^^^^^^^^^^^^^^^^^^^^^^^\n  File \"/Users/martin/ab/backend/main.py\", line 2118, in login_for_access_token\n    user = db.query(models.User).filter(models.User.email == form_data.username).first()\n  File \"/opt/homebrew/lib/python3.14/site-packages/sqlalchemy/orm/query.py\", line 2759, in first\n    return self.limit(1)._iter().first()  # type: ignore\n           ~~~~~~~~~~~~~~~~~~~^^\n  File \"/opt/homebrew/lib/python3.14/site-packages/sqlalchemy/orm/query.py\", line 2857, in _iter\n    result: Union[ScalarResult[_T], Result[_T]] = self.session.execute(\n                                                  ~~~~~~~~~~~~~~~~~~~~^\n        statement,\n        ^^^^^^^^^^\n        params,\n        ^^^^^^^\n        execution_options={\"_sa_orm_load_options\": self.load_options},\n        ^^^^^^^^^^^^^^^^^^^^^^^^^^^^^^^^^^^^^^^^^^^^^^^^^^^^^^^^^^^^^^\n    )\n    ^\n  File \"/opt/homebrew/lib/python3.14/site-packages/sqlalchemy/orm/session.py\", line 2351, in execute\n    return self._execute_internal(\n           ~~~~~~~~~~~~~~~~~~~~~~^\n        statement,\n        ^^^^^^^^^^\n    ...<4 lines>...\n        _add_event=_add_event,\n        ^^^^^^^^^^^^^^^^^^^^^^\n    )\n    ^\n  File \"/opt/homebrew/lib/python3.14/site-packages/sqlalchemy/orm/session.py\", line 2239, in _execute_internal\n    conn = self._connection_for_bind(bind)\n  File \"/opt/homebrew/lib/python3.14/site-packages/sqlalchemy/orm/session.py\", line 2108, in _connection_for_bind\n    return trans._connection_for_bind(engine, execution_options)\n           ~~~~~~~~~~~~~~~~~~~~~~~~~~^^^^^^^^^^^^^^^^^^^^^^^^^^^\n  File \"<string>\", line 2, in _connection_for_bind\n  File \"/opt/homebrew/lib/python3.14/site-packages/sqlalchemy/orm/state_changes.py\", line 137, in _go\n    ret_value = fn(self, *arg, **kw)\n  File \"/opt/homebrew/lib/python3.14/site-packages/sqlalchemy/orm/session.py\", line 1187, in _connection_for_bind\n    conn = bind.connect()\n  File \"/opt/homebrew/lib/python3.14/site-packages/sqlalchemy/engine/base.py\", line 3285, in connect\n    return self._connection_cls(self)\n           ~~~~~~~~~~~~~~~~~~~~^^^^^^\n  File \"/opt/homebrew/lib/python3.14/site-packages/sqlalchemy/engine/base.py\", line 145, in __init__\n    Connection._handle_dbapi_exception_noconnection(\n    ~~~~~~~~~~~~~~~~~~~~~~~~~~~~~~~~~~~~~~~~~~~~~~~^\n        err, dialect, engine\n        ^^^^^^^^^^^^^^^^^^^^\n    )\n    ^\n  File \"/opt/homebrew/lib/python3.14/site-packages/sqlalchemy/engine/base.py\", line 2448, in _handle_dbapi_exception_noconnection\n    raise sqlalchemy_exception.with_traceback(exc_info[2]) from e\n  File \"/opt/homebrew/lib/python3.14/site-packages/sqlalchemy/engine/base.py\", line 143, in __init__\n    self._dbapi_connection = engine.raw_connection()\n                             ~~~~~~~~~~~~~~~~~~~~~^^\n  File \"/opt/homebrew/lib/python3.14/site-packages/sqlalchemy/engine/base.py\", line 3309, in raw_connection\n    return self.pool.connect()\n           ~~~~~~~~~~~~~~~~~^^\n  File \"/opt/homebrew/lib/python3.14/site-packages/sqlalchemy/pool/base.py\", line 447, in connect\n    return _ConnectionFairy._checkout(self)\n           ~~~~~~~~~~~~~~~~~~~~~~~~~~^^^^^^\n  File \"/opt/homebrew/lib/python3.14/site-packages/sqlalchemy/pool/base.py\", line 1264, in _checkout\n    fairy = _ConnectionRecord.checkout(pool)\n  File \"/opt/homebrew/lib/python3.14/site-packages/sqlalchemy/pool/base.py\", line 711, in checkout\n    rec = pool._do_get()\n  File \"/opt/homebrew/lib/python3.14/site-packages/sqlalchemy/pool/impl.py\", line 177, in _do_get\n    with util.safe_reraise():\n         ~~~~~~~~~~~~~~~~~^^\n  File \"/opt/homebrew/lib/python3.14/site-packages/sqlalchemy/util/langhelpers.py\", line 224, in __exit__\n    raise exc_value.with_traceback(exc_tb)\n  File \"/opt/homebrew/lib/python3.14/site-packages/sqlalchemy/pool/impl.py\", line 175, in _do_get\n    return self._create_connection()\n           ~~~~~~~~~~~~~~~~~~~~~~~^^\n  File \"/opt/homebrew/lib/python3.14/site-packages/sqlalchemy/pool/base.py\", line 388, in _create_connection\n    return _ConnectionRecord(self)\n  File \"/opt/homebrew/lib/python3.14/site-packages/sqlalchemy/pool/base.py\", line 673, in __init__\n    self.__connect()\n    ~~~~~~~~~~~~~~^^\n  File \"/opt/homebrew/lib/python3.14/site-packages/sqlalchemy/pool/base.py\", line 899, in __connect\n    with util.safe_reraise():\n         ~~~~~~~~~~~~~~~~~^^\n  File \"/opt/homebrew/lib/python3.14/site-packages/sqlalchemy/util/langhelpers.py\", line 224, in __exit__\n    raise exc_value.with_traceback(exc_tb)\n  File \"/opt/homebrew/lib/python3.14/site-packages/sqlalchemy/pool/base.py\", line 895, in __connect\n    self.dbapi_connection = connection = pool._invoke_creator(self)\n                                         ~~~~~~~~~~~~~~~~~~~~^^^^^^\n  File \"/opt/homebrew/lib/python3.14/site-packages/sqlalchemy/engine/create.py\", line 661, in connect\n    return dialect.connect(*cargs, **cparams)\n           ~~~~~~~~~~~~~~~^^^^^^^^^^^^^^^^^^^\n  File \"/opt/homebrew/lib/python3.14/site-packages/sqlalchemy/engine/default.py\", line 630, in connect\n    return self.loaded_dbapi.connect(*cargs, **cparams)  # type: ignore[no-any-return]  # NOQA: E501\n           ~~~~~~~~~~~~~~~~~~~~~~~~~^^^^^^^^^^^^^^^^^^^\n  File \"/opt/homebrew/lib/python3.14/site-packages/psycopg2/__init__.py\", line 122, in connect\n    conn = _connect(dsn, connection_factory=connection_factory, **kwasync)\nsqlalchemy.exc.OperationalError: (psycopg2.OperationalError) connection to server at \"127.0.0.1\", port 5433 failed: Connection refused\n\tIs the server running on that host and accepting TCP/IP connections?\n\n(Background on this error at: https://sqlalche.me/e/20/e3q8)"}
{"timestamp": "2026-02-21T22:56:42.026275Z", "level": "ERROR", "logger": "web_utils", "message": "Error fetching title for https://example-unique-test-domain-12345.com: [Errno 8] nodename nor servname provided, or not known", "request_id": "", "user_id": "", "module": "web_utils", "function": "fetch_page_title", "line": 48}
